[ 2017-12-29T16:57:42+08:00 ] 127.0.0.1 /admin.php/Index/clear_cache
INFO: [ app_init ] --START--
INFO: Run Behavior\BuildLiteBehavior [ RunTime:0.000000s ]
INFO: [ app_init ] --END-- [ RunTime:0.000000s ]
INFO: [ app_begin ] --START--
INFO: Run Behavior\ReadHtmlCacheBehavior [ RunTime:0.001000s ]
INFO: [ app_begin ] --END-- [ RunTime:0.001000s ]
SQL: SHOW COLUMNS FROM `manage_affirm` [ RunTime:0.0030s ]
SQL: SELECT * FROM `manage_affirm` WHERE ( result = 0 )  [ RunTime:0.0000s ]
SQL: SHOW COLUMNS FROM `manage_item` [ RunTime:0.0020s ]
SQL: SELECT * FROM `manage_item` WHERE ( is_block = 1 )  [ RunTime:0.0010s ]
SQL: SHOW COLUMNS FROM `manage_log` [ RunTime:0.0040s ]
SQL: INSERT INTO `manage_log` (`title`,`username`,`ip`) VALUES ('清除缓存','admin','127.0.0.1') [ RunTime:0.0440s ]
INFO: [ app_end ] --START--
INFO: Run Behavior\ShowPageTraceBehavior [ RunTime:0.002000s ]
INFO: [ app_end ] --END-- [ RunTime:0.002000s ]

[ 2017-12-29T16:57:54+08:00 ] 127.0.0.1 /admin.php/Remark/auto_hit
INFO: [ app_init ] --START--
INFO: Run Behavior\BuildLiteBehavior [ RunTime:0.000000s ]
INFO: [ app_init ] --END-- [ RunTime:0.000000s ]
INFO: [ app_begin ] --START--
INFO: Run Behavior\ReadHtmlCacheBehavior [ RunTime:0.001000s ]
INFO: [ app_begin ] --END-- [ RunTime:0.001000s ]
SQL: SHOW COLUMNS FROM `manage_affirm` [ RunTime:0.0020s ]
SQL: SELECT * FROM `manage_affirm` WHERE ( result = 0 )  [ RunTime:0.0010s ]
SQL: SHOW COLUMNS FROM `manage_item` [ RunTime:0.0020s ]
SQL: SELECT * FROM `manage_item` WHERE ( is_block = 1 )  [ RunTime:0.0010s ]
SQL: SHOW COLUMNS FROM `manage_details` [ RunTime:0.0020s ]
SQL: SELECT * FROM `manage_details` WHERE ( result = 0 )  [ RunTime:0.0000s ]
INFO: [ app_end ] --START--
INFO: Run Behavior\ShowPageTraceBehavior [ RunTime:0.001000s ]
INFO: [ app_end ] --END-- [ RunTime:0.001000s ]

[ 2017-12-29T16:57:54+08:00 ] 127.0.0.1 /admin.php/Item/remind
INFO: [ app_init ] --START--
INFO: Run Behavior\BuildLiteBehavior [ RunTime:0.000000s ]
INFO: [ app_init ] --END-- [ RunTime:0.000000s ]
INFO: [ app_begin ] --START--
INFO: Run Behavior\ReadHtmlCacheBehavior [ RunTime:0.001000s ]
INFO: [ app_begin ] --END-- [ RunTime:0.001000s ]
SQL: SHOW COLUMNS FROM `manage_affirm` [ RunTime:0.0030s ]
SQL: SELECT * FROM `manage_affirm` WHERE ( result = 0 )  [ RunTime:0.0000s ]
SQL: SHOW COLUMNS FROM `manage_item` [ RunTime:0.0020s ]
SQL: SELECT * FROM `manage_item` WHERE ( is_block = 1 )  [ RunTime:0.0010s ]
SQL: SHOW COLUMNS FROM `manage_allot` [ RunTime:0.0020s ]
SQL: SELECT a.id,a.duration,a.start_time,b.name FROM manage_allot a,manage_item b WHERE ( a.is_ok = 0 and a.start_time !='' and a.is_remind =0 and a.item_id = b.id and a.user_id = 5 ) ORDER BY start_time asc  [ RunTime:0.0010s ]
INFO: [ app_end ] --START--
INFO: Run Behavior\ShowPageTraceBehavior [ RunTime:0.000000s ]
INFO: [ app_end ] --END-- [ RunTime:0.000000s ]

[ 2017-12-29T16:58:04+08:00 ] 127.0.0.1 /admin.php/Remark/auto_hit
INFO: [ app_init ] --START--
INFO: Run Behavior\BuildLiteBehavior [ RunTime:0.000000s ]
INFO: [ app_init ] --END-- [ RunTime:0.001000s ]
INFO: [ app_begin ] --START--
INFO: Run Behavior\ReadHtmlCacheBehavior [ RunTime:0.001000s ]
INFO: [ app_begin ] --END-- [ RunTime:0.001000s ]
SQL: SHOW COLUMNS FROM `manage_affirm` [ RunTime:0.0040s ]
SQL: SELECT * FROM `manage_affirm` WHERE ( result = 0 )  [ RunTime:0.0000s ]
SQL: SHOW COLUMNS FROM `manage_item` [ RunTime:0.0020s ]
SQL: SELECT * FROM `manage_item` WHERE ( is_block = 1 )  [ RunTime:0.0000s ]
SQL: SHOW COLUMNS FROM `manage_details` [ RunTime:0.0030s ]
SQL: SELECT * FROM `manage_details` WHERE ( result = 0 )  [ RunTime:0.0000s ]
INFO: [ app_end ] --START--
INFO: Run Behavior\ShowPageTraceBehavior [ RunTime:0.002000s ]
INFO: [ app_end ] --END-- [ RunTime:0.002000s ]

[ 2017-12-29T16:58:04+08:00 ] 127.0.0.1 /admin.php/Item/remind
INFO: [ app_init ] --START--
INFO: Run Behavior\BuildLiteBehavior [ RunTime:0.000000s ]
INFO: [ app_init ] --END-- [ RunTime:0.000000s ]
INFO: [ app_begin ] --START--
INFO: Run Behavior\ReadHtmlCacheBehavior [ RunTime:0.001000s ]
INFO: [ app_begin ] --END-- [ RunTime:0.001000s ]
SQL: SHOW COLUMNS FROM `manage_affirm` [ RunTime:0.0030s ]
SQL: SELECT * FROM `manage_affirm` WHERE ( result = 0 )  [ RunTime:0.0000s ]
SQL: SHOW COLUMNS FROM `manage_item` [ RunTime:0.0030s ]
SQL: SELECT * FROM `manage_item` WHERE ( is_block = 1 )  [ RunTime:0.0000s ]
SQL: SHOW COLUMNS FROM `manage_allot` [ RunTime:0.0020s ]
SQL: SELECT a.id,a.duration,a.start_time,b.name FROM manage_allot a,manage_item b WHERE ( a.is_ok = 0 and a.start_time !='' and a.is_remind =0 and a.item_id = b.id and a.user_id = 5 ) ORDER BY start_time asc  [ RunTime:0.0000s ]
INFO: [ app_end ] --START--
INFO: Run Behavior\ShowPageTraceBehavior [ RunTime:0.001000s ]
INFO: [ app_end ] --END-- [ RunTime:0.001000s ]

[ 2017-12-29T16:58:13+08:00 ] 127.0.0.1 /admin.php/Item/remind
INFO: [ app_init ] --START--
INFO: Run Behavior\BuildLiteBehavior [ RunTime:0.000000s ]
INFO: [ app_init ] --END-- [ RunTime:0.000000s ]
INFO: [ app_begin ] --START--
INFO: Run Behavior\ReadHtmlCacheBehavior [ RunTime:0.001000s ]
INFO: [ app_begin ] --END-- [ RunTime:0.001000s ]
SQL: SHOW COLUMNS FROM `manage_affirm` [ RunTime:0.0020s ]
SQL: SELECT * FROM `manage_affirm` WHERE ( result = 0 )  [ RunTime:0.0010s ]
SQL: SHOW COLUMNS FROM `manage_item` [ RunTime:0.0030s ]
SQL: SELECT * FROM `manage_item` WHERE ( is_block = 1 )  [ RunTime:0.0000s ]
SQL: SHOW COLUMNS FROM `manage_allot` [ RunTime:0.0030s ]
SQL: SELECT a.id,a.duration,a.start_time,b.name FROM manage_allot a,manage_item b WHERE ( a.is_ok = 0 and a.start_time !='' and a.is_remind =0 and a.item_id = b.id and a.user_id = 5 ) ORDER BY start_time asc  [ RunTime:0.0010s ]
INFO: [ app_end ] --START--
INFO: Run Behavior\ShowPageTraceBehavior [ RunTime:0.001000s ]
INFO: [ app_end ] --END-- [ RunTime:0.001000s ]

[ 2017-12-29T16:58:43+08:00 ] 127.0.0.1 /admin.php/Item/remind
INFO: [ app_init ] --START--
INFO: Run Behavior\BuildLiteBehavior [ RunTime:0.000000s ]
INFO: [ app_init ] --END-- [ RunTime:0.000000s ]
INFO: [ app_begin ] --START--
INFO: Run Behavior\ReadHtmlCacheBehavior [ RunTime:0.002000s ]
INFO: [ app_begin ] --END-- [ RunTime:0.002000s ]
SQL: SHOW COLUMNS FROM `manage_affirm` [ RunTime:0.0040s ]
SQL: SELECT * FROM `manage_affirm` WHERE ( result = 0 )  [ RunTime:0.0000s ]
SQL: SHOW COLUMNS FROM `manage_item` [ RunTime:0.0030s ]
SQL: SELECT * FROM `manage_item` WHERE ( is_block = 1 )  [ RunTime:0.0000s ]
SQL: SHOW COLUMNS FROM `manage_allot` [ RunTime:0.0020s ]
SQL: SELECT a.id,a.duration,a.start_time,b.name FROM manage_allot a,manage_item b WHERE ( a.is_ok = 0 and a.start_time !='' and a.is_remind =0 and a.item_id = b.id ) ORDER BY start_time asc  [ RunTime:0.0010s ]

[ 2017-12-29T16:58:45+08:00 ] 127.0.0.1 /admin.php/Item/remind
INFO: [ app_init ] --START--
INFO: Run Behavior\BuildLiteBehavior [ RunTime:0.000000s ]
INFO: [ app_init ] --END-- [ RunTime:0.001000s ]
INFO: [ app_begin ] --START--
INFO: Run Behavior\ReadHtmlCacheBehavior [ RunTime:0.001000s ]
INFO: [ app_begin ] --END-- [ RunTime:0.001000s ]
SQL: SHOW COLUMNS FROM `manage_affirm` [ RunTime:0.0060s ]
SQL: SELECT * FROM `manage_affirm` WHERE ( result = 0 )  [ RunTime:0.0000s ]
SQL: SHOW COLUMNS FROM `manage_item` [ RunTime:0.0030s ]
SQL: SELECT * FROM `manage_item` WHERE ( is_block = 1 )  [ RunTime:0.0000s ]
SQL: SHOW COLUMNS FROM `manage_allot` [ RunTime:0.0020s ]
SQL: SELECT a.id,a.duration,a.start_time,b.name FROM manage_allot a,manage_item b WHERE ( a.is_ok = 0 and a.start_time !='' and a.is_remind =0 and a.item_id = b.id ) ORDER BY start_time asc  [ RunTime:0.0000s ]

[ 2017-12-29T17:00:26+08:00 ] 127.0.0.1 /admin.php/Item/remind
INFO: [ app_init ] --START--
INFO: Run Behavior\BuildLiteBehavior [ RunTime:0.000000s ]
INFO: [ app_init ] --END-- [ RunTime:0.001000s ]
INFO: [ app_begin ] --START--
INFO: Run Behavior\ReadHtmlCacheBehavior [ RunTime:0.002000s ]
INFO: [ app_begin ] --END-- [ RunTime:0.002000s ]
SQL: SHOW COLUMNS FROM `manage_affirm` [ RunTime:0.0040s ]
SQL: SELECT * FROM `manage_affirm` WHERE ( result = 0 )  [ RunTime:0.0010s ]
SQL: SHOW COLUMNS FROM `manage_item` [ RunTime:0.0040s ]
SQL: SELECT * FROM `manage_item` WHERE ( is_block = 1 )  [ RunTime:0.0000s ]
SQL: SHOW COLUMNS FROM `manage_allot` [ RunTime:0.0020s ]
SQL: SELECT a.id,a.duration,a.start_time,b.name FROM manage_allot a,manage_item b WHERE ( a.is_ok = 0 and a.start_time !='' and a.is_remind =0 and a.item_id = b.id ) ORDER BY start_time asc  [ RunTime:0.0000s ]

[ 2017-12-29T17:01:09+08:00 ] 127.0.0.1 /admin.php/Item/remind
INFO: [ app_init ] --START--
INFO: Run Behavior\BuildLiteBehavior [ RunTime:0.000000s ]
INFO: [ app_init ] --END-- [ RunTime:0.001000s ]
INFO: [ app_begin ] --START--
INFO: Run Behavior\ReadHtmlCacheBehavior [ RunTime:0.001000s ]
INFO: [ app_begin ] --END-- [ RunTime:0.001000s ]
SQL: SHOW COLUMNS FROM `manage_affirm` [ RunTime:0.0030s ]
SQL: SELECT * FROM `manage_affirm` WHERE ( result = 0 )  [ RunTime:0.0010s ]
SQL: SHOW COLUMNS FROM `manage_item` [ RunTime:0.0020s ]
SQL: SELECT * FROM `manage_item` WHERE ( is_block = 1 )  [ RunTime:0.0010s ]
SQL: SHOW COLUMNS FROM `manage_allot` [ RunTime:0.0020s ]
SQL: SELECT a.id,a.user_id,a.duration,a.start_time,b.name FROM manage_allot a,manage_item b WHERE ( a.is_ok = 0 and a.start_time !='' and a.is_remind =0 and a.item_id = b.id ) ORDER BY start_time asc  [ RunTime:0.0010s ]

[ 2017-12-29T17:01:32+08:00 ] 127.0.0.1 /admin.php/Item/remind
INFO: [ app_init ] --START--
INFO: Run Behavior\BuildLiteBehavior [ RunTime:0.000000s ]
INFO: [ app_init ] --END-- [ RunTime:0.000000s ]
INFO: [ app_begin ] --START--
INFO: Run Behavior\ReadHtmlCacheBehavior [ RunTime:0.001000s ]
INFO: [ app_begin ] --END-- [ RunTime:0.001000s ]
SQL: SHOW COLUMNS FROM `manage_affirm` [ RunTime:0.0030s ]
SQL: SELECT * FROM `manage_affirm` WHERE ( result = 0 )  [ RunTime:0.0000s ]
SQL: SHOW COLUMNS FROM `manage_item` [ RunTime:0.0020s ]
SQL: SELECT * FROM `manage_item` WHERE ( is_block = 1 )  [ RunTime:0.0000s ]
SQL: SHOW COLUMNS FROM `manage_allot` [ RunTime:0.0020s ]
SQL: SELECT a.id,a.user_id,a.duration,a.start_time,b.name FROM manage_allot a,manage_item b WHERE ( a.is_ok = 0 and a.start_time !='' and a.is_remind =0 and a.item_id = b.id ) ORDER BY start_time asc  [ RunTime:0.0000s ]

[ 2017-12-29T17:02:33+08:00 ] 127.0.0.1 /admin.php/Item/remind
INFO: [ app_init ] --START--
INFO: Run Behavior\BuildLiteBehavior [ RunTime:0.000000s ]
INFO: [ app_init ] --END-- [ RunTime:0.000000s ]
INFO: [ app_begin ] --START--
INFO: Run Behavior\ReadHtmlCacheBehavior [ RunTime:0.001000s ]
INFO: [ app_begin ] --END-- [ RunTime:0.001000s ]
SQL: SHOW COLUMNS FROM `manage_affirm` [ RunTime:0.0030s ]
SQL: SELECT * FROM `manage_affirm` WHERE ( result = 0 )  [ RunTime:0.0000s ]
SQL: SHOW COLUMNS FROM `manage_item` [ RunTime:0.0030s ]
SQL: SELECT * FROM `manage_item` WHERE ( is_block = 1 )  [ RunTime:0.0000s ]
SQL: SHOW COLUMNS FROM `manage_allot` [ RunTime:0.0020s ]
SQL: SELECT a.id,a.user_id,a.duration,a.start_time,b.name FROM manage_allot a,manage_item b WHERE ( a.is_ok = 0 and a.start_time !='' and a.is_remind =0 and a.item_id = b.id ) ORDER BY start_time asc  [ RunTime:0.0020s ]

[ 2017-12-29T17:13:41+08:00 ] 127.0.0.1 /admin.php/Item/remind
INFO: [ app_init ] --START--
INFO: Run Behavior\BuildLiteBehavior [ RunTime:0.000000s ]
INFO: [ app_init ] --END-- [ RunTime:0.001001s ]
INFO: [ app_begin ] --START--
INFO: Run Behavior\ReadHtmlCacheBehavior [ RunTime:0.001000s ]
INFO: [ app_begin ] --END-- [ RunTime:0.001000s ]
SQL: SHOW COLUMNS FROM `manage_affirm` [ RunTime:0.0050s ]
SQL: SELECT * FROM `manage_affirm` WHERE ( result = 0 )  [ RunTime:0.0000s ]
SQL: SHOW COLUMNS FROM `manage_item` [ RunTime:0.0020s ]
SQL: SELECT * FROM `manage_item` WHERE ( is_block = 1 )  [ RunTime:0.0010s ]
SQL: SHOW COLUMNS FROM `manage_allot` [ RunTime:0.0020s ]
SQL: SELECT a.id,a.item_id,a.user_id,a.duration,a.start_time,b.name FROM manage_allot a,manage_item b WHERE ( a.is_ok = 0 and a.start_time !='' and a.is_remind =0 and a.item_id = b.id ) ORDER BY start_time asc  [ RunTime:0.0000s ]

[ 2017-12-29T17:46:19+08:00 ] 192.168.0.101 /admin.php/Item/remind
INFO: [ app_init ] --START--
INFO: Run Behavior\BuildLiteBehavior [ RunTime:0.000000s ]
INFO: [ app_init ] --END-- [ RunTime:0.000000s ]
INFO: [ app_begin ] --START--
INFO: Run Behavior\ReadHtmlCacheBehavior [ RunTime:0.000000s ]
INFO: [ app_begin ] --END-- [ RunTime:0.000000s ]
SQL: SHOW COLUMNS FROM `manage_affirm` [ RunTime:0.0030s ]
SQL: SELECT * FROM `manage_affirm` WHERE ( result = 0 )  [ RunTime:0.0000s ]
SQL: SHOW COLUMNS FROM `manage_item` [ RunTime:0.0040s ]
SQL: SELECT * FROM `manage_item` WHERE ( is_block = 1 )  [ RunTime:0.0000s ]
SQL: SHOW COLUMNS FROM `manage_allot` [ RunTime:0.0030s ]
SQL: SELECT a.id,a.user_id,a.duration,a.start_time,b.name FROM manage_allot a,manage_item b WHERE ( a.is_ok = 0 and a.start_time !='' and a.is_remind =0 and a.item_id = b.id ) ORDER BY start_time asc  [ RunTime:0.0010s ]

[ 2017-12-29T17:46:19+08:00 ] 192.168.0.101 /admin.php/Remark/auto_hit
INFO: [ app_init ] --START--
INFO: Run Behavior\BuildLiteBehavior [ RunTime:0.000000s ]
INFO: [ app_init ] --END-- [ RunTime:0.000000s ]
INFO: [ app_begin ] --START--
INFO: Run Behavior\ReadHtmlCacheBehavior [ RunTime:0.001000s ]
INFO: [ app_begin ] --END-- [ RunTime:0.001000s ]
SQL: SHOW COLUMNS FROM `manage_affirm` [ RunTime:0.0040s ]
SQL: SELECT * FROM `manage_affirm` WHERE ( result = 0 )  [ RunTime:0.0000s ]
SQL: SHOW COLUMNS FROM `manage_item` [ RunTime:0.0040s ]
SQL: SELECT * FROM `manage_item` WHERE ( is_block = 1 )  [ RunTime:0.0000s ]
SQL: SHOW COLUMNS FROM `manage_details` [ RunTime:0.0050s ]
SQL: SELECT * FROM `manage_details` WHERE ( result = 0 )  [ RunTime:0.0010s ]
INFO: [ app_end ] --START--
INFO: Run Behavior\ShowPageTraceBehavior [ RunTime:0.002000s ]
INFO: [ app_end ] --END-- [ RunTime:0.002000s ]

[ 2017-12-29T17:46:19+08:00 ] 192.168.0.101 /admin.php/Item/remind
INFO: [ app_init ] --START--
INFO: Run Behavior\BuildLiteBehavior [ RunTime:0.000000s ]
INFO: [ app_init ] --END-- [ RunTime:0.001000s ]
INFO: [ app_begin ] --START--
INFO: Run Behavior\ReadHtmlCacheBehavior [ RunTime:0.000000s ]
INFO: [ app_begin ] --END-- [ RunTime:0.000000s ]
SQL: SHOW COLUMNS FROM `manage_affirm` [ RunTime:0.0020s ]
SQL: SELECT * FROM `manage_affirm` WHERE ( result = 0 )  [ RunTime:0.0000s ]
SQL: SHOW COLUMNS FROM `manage_item` [ RunTime:0.0020s ]
SQL: SELECT * FROM `manage_item` WHERE ( is_block = 1 )  [ RunTime:0.0010s ]
SQL: SHOW COLUMNS FROM `manage_allot` [ RunTime:0.0020s ]
SQL: SELECT a.id,a.user_id,a.duration,a.start_time,b.name FROM manage_allot a,manage_item b WHERE ( a.is_ok = 0 and a.start_time !='' and a.is_remind =0 and a.item_id = b.id ) ORDER BY start_time asc  [ RunTime:0.0010s ]

[ 2017-12-29T17:46:19+08:00 ] 192.168.0.101 /admin.php/Remark/auto_hit
INFO: [ app_init ] --START--
INFO: Run Behavior\BuildLiteBehavior [ RunTime:0.000000s ]
INFO: [ app_init ] --END-- [ RunTime:0.000000s ]
INFO: [ app_begin ] --START--
INFO: Run Behavior\ReadHtmlCacheBehavior [ RunTime:0.000000s ]
INFO: [ app_begin ] --END-- [ RunTime:0.001000s ]
SQL: SHOW COLUMNS FROM `manage_affirm` [ RunTime:0.0040s ]
SQL: SELECT * FROM `manage_affirm` WHERE ( result = 0 )  [ RunTime:0.0050s ]
SQL: SHOW COLUMNS FROM `manage_item` [ RunTime:0.0070s ]
SQL: SELECT * FROM `manage_item` WHERE ( is_block = 1 )  [ RunTime:0.0000s ]
SQL: SHOW COLUMNS FROM `manage_details` [ RunTime:0.0030s ]
SQL: SELECT * FROM `manage_details` WHERE ( result = 0 )  [ RunTime:0.0010s ]
INFO: [ app_end ] --START--
INFO: Run Behavior\ShowPageTraceBehavior [ RunTime:0.001000s ]
INFO: [ app_end ] --END-- [ RunTime:0.001000s ]

[ 2017-12-29T17:46:19+08:00 ] 192.168.0.101 /admin.php/Item/remind
INFO: [ app_init ] --START--
INFO: Run Behavior\BuildLiteBehavior [ RunTime:0.000000s ]
INFO: [ app_init ] --END-- [ RunTime:0.001000s ]
INFO: [ app_begin ] --START--
INFO: Run Behavior\ReadHtmlCacheBehavior [ RunTime:0.002000s ]
INFO: [ app_begin ] --END-- [ RunTime:0.002000s ]
SQL: SHOW COLUMNS FROM `manage_affirm` [ RunTime:0.0030s ]
SQL: SELECT * FROM `manage_affirm` WHERE ( result = 0 )  [ RunTime:0.0000s ]
SQL: SHOW COLUMNS FROM `manage_item` [ RunTime:0.0020s ]
SQL: SELECT * FROM `manage_item` WHERE ( is_block = 1 )  [ RunTime:0.0000s ]
SQL: SHOW COLUMNS FROM `manage_allot` [ RunTime:0.0030s ]
SQL: SELECT a.id,a.user_id,a.duration,a.start_time,b.name FROM manage_allot a,manage_item b WHERE ( a.is_ok = 0 and a.start_time !='' and a.is_remind =0 and a.item_id = b.id ) ORDER BY start_time asc  [ RunTime:0.0000s ]

[ 2017-12-29T17:46:19+08:00 ] 192.168.0.101 /admin.php/Remark/auto_hit
INFO: [ app_init ] --START--
INFO: Run Behavior\BuildLiteBehavior [ RunTime:0.000000s ]
INFO: [ app_init ] --END-- [ RunTime:0.001000s ]
INFO: [ app_begin ] --START--
INFO: Run Behavior\ReadHtmlCacheBehavior [ RunTime:0.001000s ]
INFO: [ app_begin ] --END-- [ RunTime:0.002000s ]
SQL: SHOW COLUMNS FROM `manage_affirm` [ RunTime:0.0030s ]
SQL: SELECT * FROM `manage_affirm` WHERE ( result = 0 )  [ RunTime:0.0000s ]
SQL: SHOW COLUMNS FROM `manage_item` [ RunTime:0.0020s ]
SQL: SELECT * FROM `manage_item` WHERE ( is_block = 1 )  [ RunTime:0.0010s ]
SQL: SHOW COLUMNS FROM `manage_details` [ RunTime:0.0020s ]
SQL: SELECT * FROM `manage_details` WHERE ( result = 0 )  [ RunTime:0.0000s ]
INFO: [ app_end ] --START--
INFO: Run Behavior\ShowPageTraceBehavior [ RunTime:0.001000s ]
INFO: [ app_end ] --END-- [ RunTime:0.001000s ]

[ 2017-12-29T17:46:19+08:00 ] 192.168.0.101 /admin.php/Item/remind
INFO: [ app_init ] --START--
INFO: Run Behavior\BuildLiteBehavior [ RunTime:0.000000s ]
INFO: [ app_init ] --END-- [ RunTime:0.001000s ]
INFO: [ app_begin ] --START--
INFO: Run Behavior\ReadHtmlCacheBehavior [ RunTime:0.001000s ]
INFO: [ app_begin ] --END-- [ RunTime:0.001000s ]
SQL: SHOW COLUMNS FROM `manage_affirm` [ RunTime:0.0030s ]
SQL: SELECT * FROM `manage_affirm` WHERE ( result = 0 )  [ RunTime:0.0010s ]
SQL: SHOW COLUMNS FROM `manage_item` [ RunTime:0.0020s ]
SQL: SELECT * FROM `manage_item` WHERE ( is_block = 1 )  [ RunTime:0.0010s ]
SQL: SHOW COLUMNS FROM `manage_allot` [ RunTime:0.0020s ]
SQL: SELECT a.id,a.user_id,a.duration,a.start_time,b.name FROM manage_allot a,manage_item b WHERE ( a.is_ok = 0 and a.start_time !='' and a.is_remind =0 and a.item_id = b.id ) ORDER BY start_time asc  [ RunTime:0.0000s ]

[ 2017-12-29T17:46:19+08:00 ] 192.168.0.101 /admin.php/Remark/auto_hit
INFO: [ app_init ] --START--
INFO: Run Behavior\BuildLiteBehavior [ RunTime:0.000000s ]
INFO: [ app_init ] --END-- [ RunTime:0.001000s ]
INFO: [ app_begin ] --START--
INFO: Run Behavior\ReadHtmlCacheBehavior [ RunTime:0.001000s ]
INFO: [ app_begin ] --END-- [ RunTime:0.001000s ]
SQL: SHOW COLUMNS FROM `manage_affirm` [ RunTime:0.0020s ]
SQL: SELECT * FROM `manage_affirm` WHERE ( result = 0 )  [ RunTime:0.0010s ]
SQL: SHOW COLUMNS FROM `manage_item` [ RunTime:0.0020s ]
SQL: SELECT * FROM `manage_item` WHERE ( is_block = 1 )  [ RunTime:0.0000s ]
SQL: SHOW COLUMNS FROM `manage_details` [ RunTime:0.0030s ]
SQL: SELECT * FROM `manage_details` WHERE ( result = 0 )  [ RunTime:0.0000s ]
INFO: [ app_end ] --START--
INFO: Run Behavior\ShowPageTraceBehavior [ RunTime:0.001000s ]
INFO: [ app_end ] --END-- [ RunTime:0.001000s ]

[ 2017-12-29T17:46:19+08:00 ] 192.168.0.101 /admin.php/Item/remind
INFO: [ app_init ] --START--
INFO: Run Behavior\BuildLiteBehavior [ RunTime:0.000000s ]
INFO: [ app_init ] --END-- [ RunTime:0.000000s ]
INFO: [ app_begin ] --START--
INFO: Run Behavior\ReadHtmlCacheBehavior [ RunTime:0.001000s ]
INFO: [ app_begin ] --END-- [ RunTime:0.001000s ]
SQL: SHOW COLUMNS FROM `manage_affirm` [ RunTime:0.0030s ]
SQL: SELECT * FROM `manage_affirm` WHERE ( result = 0 )  [ RunTime:0.0010s ]
SQL: SHOW COLUMNS FROM `manage_item` [ RunTime:0.0020s ]
SQL: SELECT * FROM `manage_item` WHERE ( is_block = 1 )  [ RunTime:0.0000s ]
SQL: SHOW COLUMNS FROM `manage_allot` [ RunTime:0.0030s ]
SQL: SELECT a.id,a.user_id,a.duration,a.start_time,b.name FROM manage_allot a,manage_item b WHERE ( a.is_ok = 0 and a.start_time !='' and a.is_remind =0 and a.item_id = b.id ) ORDER BY start_time asc  [ RunTime:0.0000s ]

[ 2017-12-29T17:46:19+08:00 ] 192.168.0.101 /admin.php/Remark/auto_hit
INFO: [ app_init ] --START--
INFO: Run Behavior\BuildLiteBehavior [ RunTime:0.000000s ]
INFO: [ app_init ] --END-- [ RunTime:0.001000s ]
INFO: [ app_begin ] --START--
INFO: Run Behavior\ReadHtmlCacheBehavior [ RunTime:0.000000s ]
INFO: [ app_begin ] --END-- [ RunTime:0.000000s ]
SQL: SHOW COLUMNS FROM `manage_affirm` [ RunTime:0.0030s ]
SQL: SELECT * FROM `manage_affirm` WHERE ( result = 0 )  [ RunTime:0.0000s ]
SQL: SHOW COLUMNS FROM `manage_item` [ RunTime:0.0030s ]
SQL: SELECT * FROM `manage_item` WHERE ( is_block = 1 )  [ RunTime:0.0000s ]
SQL: SHOW COLUMNS FROM `manage_details` [ RunTime:0.0030s ]
SQL: SELECT * FROM `manage_details` WHERE ( result = 0 )  [ RunTime:0.0000s ]
INFO: [ app_end ] --START--
INFO: Run Behavior\ShowPageTraceBehavior [ RunTime:0.001000s ]
INFO: [ app_end ] --END-- [ RunTime:0.001000s ]

[ 2017-12-29T17:46:19+08:00 ] 192.168.0.101 /admin.php/Item/remind
INFO: [ app_init ] --START--
INFO: Run Behavior\BuildLiteBehavior [ RunTime:0.000000s ]
INFO: [ app_init ] --END-- [ RunTime:0.000000s ]
INFO: [ app_begin ] --START--
INFO: Run Behavior\ReadHtmlCacheBehavior [ RunTime:0.001000s ]
INFO: [ app_begin ] --END-- [ RunTime:0.001000s ]
SQL: SHOW COLUMNS FROM `manage_affirm` [ RunTime:0.0030s ]
SQL: SELECT * FROM `manage_affirm` WHERE ( result = 0 )  [ RunTime:0.0000s ]
SQL: SHOW COLUMNS FROM `manage_item` [ RunTime:0.0030s ]
SQL: SELECT * FROM `manage_item` WHERE ( is_block = 1 )  [ RunTime:0.0000s ]
SQL: SHOW COLUMNS FROM `manage_allot` [ RunTime:0.0030s ]
SQL: SELECT a.id,a.user_id,a.duration,a.start_time,b.name FROM manage_allot a,manage_item b WHERE ( a.is_ok = 0 and a.start_time !='' and a.is_remind =0 and a.item_id = b.id ) ORDER BY start_time asc  [ RunTime:0.0000s ]

[ 2017-12-29T17:46:19+08:00 ] 192.168.0.101 /admin.php/Remark/auto_hit
INFO: [ app_init ] --START--
INFO: Run Behavior\BuildLiteBehavior [ RunTime:0.000000s ]
INFO: [ app_init ] --END-- [ RunTime:0.000000s ]
INFO: [ app_begin ] --START--
INFO: Run Behavior\ReadHtmlCacheBehavior [ RunTime:0.000000s ]
INFO: [ app_begin ] --END-- [ RunTime:0.000000s ]
SQL: SHOW COLUMNS FROM `manage_affirm` [ RunTime:0.0020s ]
SQL: SELECT * FROM `manage_affirm` WHERE ( result = 0 )  [ RunTime:0.0000s ]
SQL: SHOW COLUMNS FROM `manage_item` [ RunTime:0.0040s ]
SQL: SELECT * FROM `manage_item` WHERE ( is_block = 1 )  [ RunTime:0.0000s ]
SQL: SHOW COLUMNS FROM `manage_details` [ RunTime:0.0030s ]
SQL: SELECT * FROM `manage_details` WHERE ( result = 0 )  [ RunTime:0.0000s ]
INFO: [ app_end ] --START--
INFO: Run Behavior\ShowPageTraceBehavior [ RunTime:0.001000s ]
INFO: [ app_end ] --END-- [ RunTime:0.001000s ]

[ 2017-12-29T17:48:39+08:00 ] 192.168.0.101 /admin.php/Item/remind
INFO: [ app_init ] --START--
INFO: Run Behavior\BuildLiteBehavior [ RunTime:0.000000s ]
INFO: [ app_init ] --END-- [ RunTime:0.001000s ]
INFO: [ app_begin ] --START--
INFO: Run Behavior\ReadHtmlCacheBehavior [ RunTime:0.000000s ]
INFO: [ app_begin ] --END-- [ RunTime:0.000000s ]
SQL: SHOW COLUMNS FROM `manage_affirm` [ RunTime:0.0020s ]
SQL: SELECT * FROM `manage_affirm` WHERE ( result = 0 )  [ RunTime:0.0000s ]
SQL: SHOW COLUMNS FROM `manage_item` [ RunTime:0.0030s ]
SQL: SELECT * FROM `manage_item` WHERE ( is_block = 1 )  [ RunTime:0.0000s ]
SQL: SHOW COLUMNS FROM `manage_allot` [ RunTime:0.0030s ]
SQL: SELECT a.id,a.user_id,a.duration,a.start_time,b.name FROM manage_allot a,manage_item b WHERE ( a.is_ok = 0 and a.start_time !='' and a.is_remind =0 and a.item_id = b.id ) ORDER BY start_time asc  [ RunTime:0.0000s ]

[ 2017-12-29T17:48:39+08:00 ] 192.168.0.101 /admin.php/Item/remind
INFO: [ app_init ] --START--
INFO: Run Behavior\BuildLiteBehavior [ RunTime:0.000000s ]
INFO: [ app_init ] --END-- [ RunTime:0.004001s ]
INFO: [ app_begin ] --START--
INFO: Run Behavior\ReadHtmlCacheBehavior [ RunTime:0.009001s ]
INFO: [ app_begin ] --END-- [ RunTime:0.009001s ]
SQL: SHOW COLUMNS FROM `manage_affirm` [ RunTime:0.0040s ]
SQL: SELECT * FROM `manage_affirm` WHERE ( result = 0 )  [ RunTime:0.0010s ]
SQL: SHOW COLUMNS FROM `manage_item` [ RunTime:0.0040s ]
SQL: SELECT * FROM `manage_item` WHERE ( is_block = 1 )  [ RunTime:0.0000s ]
SQL: SHOW COLUMNS FROM `manage_allot` [ RunTime:0.0020s ]
SQL: SELECT a.id,a.user_id,a.duration,a.start_time,b.name FROM manage_allot a,manage_item b WHERE ( a.is_ok = 0 and a.start_time !='' and a.is_remind =0 and a.item_id = b.id ) ORDER BY start_time asc  [ RunTime:0.0010s ]

[ 2017-12-29T17:48:39+08:00 ] 192.168.0.101 /admin.php/Item/remind
INFO: [ app_init ] --START--
INFO: Run Behavior\BuildLiteBehavior [ RunTime:0.000000s ]
INFO: [ app_init ] --END-- [ RunTime:0.001000s ]
INFO: [ app_begin ] --START--
INFO: Run Behavior\ReadHtmlCacheBehavior [ RunTime:0.001000s ]
INFO: [ app_begin ] --END-- [ RunTime:0.001000s ]
SQL: SHOW COLUMNS FROM `manage_affirm` [ RunTime:0.0030s ]
SQL: SELECT * FROM `manage_affirm` WHERE ( result = 0 )  [ RunTime:0.0000s ]
SQL: SHOW COLUMNS FROM `manage_item` [ RunTime:0.0020s ]
SQL: SELECT * FROM `manage_item` WHERE ( is_block = 1 )  [ RunTime:0.0000s ]
SQL: SHOW COLUMNS FROM `manage_allot` [ RunTime:0.0020s ]
SQL: SELECT a.id,a.user_id,a.duration,a.start_time,b.name FROM manage_allot a,manage_item b WHERE ( a.is_ok = 0 and a.start_time !='' and a.is_remind =0 and a.item_id = b.id ) ORDER BY start_time asc  [ RunTime:0.0010s ]

[ 2017-12-29T17:48:39+08:00 ] 192.168.0.101 /admin.php/Remark/auto_hit
INFO: [ app_init ] --START--
INFO: Run Behavior\BuildLiteBehavior [ RunTime:0.000000s ]
INFO: [ app_init ] --END-- [ RunTime:0.001000s ]
INFO: [ app_begin ] --START--
INFO: Run Behavior\ReadHtmlCacheBehavior [ RunTime:0.000000s ]
INFO: [ app_begin ] --END-- [ RunTime:0.000000s ]
SQL: SHOW COLUMNS FROM `manage_affirm` [ RunTime:0.0030s ]
SQL: SELECT * FROM `manage_affirm` WHERE ( result = 0 )  [ RunTime:0.0000s ]
SQL: SHOW COLUMNS FROM `manage_item` [ RunTime:0.0030s ]
SQL: SELECT * FROM `manage_item` WHERE ( is_block = 1 )  [ RunTime:0.0000s ]
SQL: SHOW COLUMNS FROM `manage_details` [ RunTime:0.0030s ]
SQL: SELECT * FROM `manage_details` WHERE ( result = 0 )  [ RunTime:0.0000s ]
INFO: [ app_end ] --START--
INFO: Run Behavior\ShowPageTraceBehavior [ RunTime:0.001000s ]
INFO: [ app_end ] --END-- [ RunTime:0.001000s ]

[ 2017-12-29T17:48:39+08:00 ] 192.168.0.101 /admin.php/Remark/auto_hit
INFO: [ app_init ] --START--
INFO: Run Behavior\BuildLiteBehavior [ RunTime:0.000000s ]
INFO: [ app_init ] --END-- [ RunTime:0.000000s ]
INFO: [ app_begin ] --START--
INFO: Run Behavior\ReadHtmlCacheBehavior [ RunTime:0.000000s ]
INFO: [ app_begin ] --END-- [ RunTime:0.000000s ]
SQL: SHOW COLUMNS FROM `manage_affirm` [ RunTime:0.0040s ]
SQL: SELECT * FROM `manage_affirm` WHERE ( result = 0 )  [ RunTime:0.0010s ]
SQL: SHOW COLUMNS FROM `manage_item` [ RunTime:0.0040s ]
SQL: SELECT * FROM `manage_item` WHERE ( is_block = 1 )  [ RunTime:0.0000s ]
SQL: SHOW COLUMNS FROM `manage_details` [ RunTime:0.0030s ]
SQL: SELECT * FROM `manage_details` WHERE ( result = 0 )  [ RunTime:0.0000s ]
INFO: [ app_end ] --START--
INFO: Run Behavior\ShowPageTraceBehavior [ RunTime:0.001000s ]
INFO: [ app_end ] --END-- [ RunTime:0.001000s ]

[ 2017-12-29T17:48:39+08:00 ] 192.168.0.101 /admin.php/Remark/auto_hit
INFO: [ app_init ] --START--
INFO: Run Behavior\BuildLiteBehavior [ RunTime:0.000000s ]
INFO: [ app_init ] --END-- [ RunTime:0.000000s ]
INFO: [ app_begin ] --START--
INFO: Run Behavior\ReadHtmlCacheBehavior [ RunTime:0.001000s ]
INFO: [ app_begin ] --END-- [ RunTime:0.001000s ]
SQL: SHOW COLUMNS FROM `manage_affirm` [ RunTime:0.0020s ]
SQL: SELECT * FROM `manage_affirm` WHERE ( result = 0 )  [ RunTime:0.0000s ]
SQL: SHOW COLUMNS FROM `manage_item` [ RunTime:0.0020s ]
SQL: SELECT * FROM `manage_item` WHERE ( is_block = 1 )  [ RunTime:0.0000s ]
SQL: SHOW COLUMNS FROM `manage_details` [ RunTime:0.0030s ]
SQL: SELECT * FROM `manage_details` WHERE ( result = 0 )  [ RunTime:0.0000s ]
INFO: [ app_end ] --START--
INFO: Run Behavior\ShowPageTraceBehavior [ RunTime:0.001000s ]
INFO: [ app_end ] --END-- [ RunTime:0.001000s ]

[ 2017-12-29T17:48:39+08:00 ] 192.168.0.101 /admin.php/Item/remind
INFO: [ app_init ] --START--
INFO: Run Behavior\BuildLiteBehavior [ RunTime:0.000000s ]
INFO: [ app_init ] --END-- [ RunTime:0.000000s ]
INFO: [ app_begin ] --START--
INFO: Run Behavior\ReadHtmlCacheBehavior [ RunTime:0.000000s ]
INFO: [ app_begin ] --END-- [ RunTime:0.000000s ]
SQL: SHOW COLUMNS FROM `manage_affirm` [ RunTime:0.0020s ]
SQL: SELECT * FROM `manage_affirm` WHERE ( result = 0 )  [ RunTime:0.0000s ]
SQL: SHOW COLUMNS FROM `manage_item` [ RunTime:0.0020s ]
SQL: SELECT * FROM `manage_item` WHERE ( is_block = 1 )  [ RunTime:0.0010s ]
SQL: SHOW COLUMNS FROM `manage_allot` [ RunTime:0.0020s ]
SQL: SELECT a.id,a.user_id,a.duration,a.start_time,b.name FROM manage_allot a,manage_item b WHERE ( a.is_ok = 0 and a.start_time !='' and a.is_remind =0 and a.item_id = b.id ) ORDER BY start_time asc  [ RunTime:0.0010s ]

[ 2017-12-29T17:48:39+08:00 ] 192.168.0.101 /admin.php/Item/remind
INFO: [ app_init ] --START--
INFO: Run Behavior\BuildLiteBehavior [ RunTime:0.000000s ]
INFO: [ app_init ] --END-- [ RunTime:0.002000s ]
INFO: [ app_begin ] --START--
INFO: Run Behavior\ReadHtmlCacheBehavior [ RunTime:0.004000s ]
INFO: [ app_begin ] --END-- [ RunTime:0.005000s ]
SQL: SHOW COLUMNS FROM `manage_affirm` [ RunTime:0.0040s ]
SQL: SELECT * FROM `manage_affirm` WHERE ( result = 0 )  [ RunTime:0.0000s ]
SQL: SHOW COLUMNS FROM `manage_item` [ RunTime:0.0040s ]
SQL: SELECT * FROM `manage_item` WHERE ( is_block = 1 )  [ RunTime:0.0000s ]
SQL: SHOW COLUMNS FROM `manage_allot` [ RunTime:0.0030s ]
SQL: SELECT a.id,a.user_id,a.duration,a.start_time,b.name FROM manage_allot a,manage_item b WHERE ( a.is_ok = 0 and a.start_time !='' and a.is_remind =0 and a.item_id = b.id ) ORDER BY start_time asc  [ RunTime:0.0010s ]

[ 2017-12-29T17:48:39+08:00 ] 192.168.0.101 /admin.php/Item/remind
INFO: [ app_init ] --START--
INFO: Run Behavior\BuildLiteBehavior [ RunTime:0.000000s ]
INFO: [ app_init ] --END-- [ RunTime:0.000000s ]
INFO: [ app_begin ] --START--
INFO: Run Behavior\ReadHtmlCacheBehavior [ RunTime:0.001000s ]
INFO: [ app_begin ] --END-- [ RunTime:0.001000s ]
SQL: SHOW COLUMNS FROM `manage_affirm` [ RunTime:0.0020s ]
SQL: SELECT * FROM `manage_affirm` WHERE ( result = 0 )  [ RunTime:0.0000s ]
SQL: SHOW COLUMNS FROM `manage_item` [ RunTime:0.0020s ]
SQL: SELECT * FROM `manage_item` WHERE ( is_block = 1 )  [ RunTime:0.0000s ]
SQL: SHOW COLUMNS FROM `manage_allot` [ RunTime:0.0020s ]
SQL: SELECT a.id,a.user_id,a.duration,a.start_time,b.name FROM manage_allot a,manage_item b WHERE ( a.is_ok = 0 and a.start_time !='' and a.is_remind =0 and a.item_id = b.id ) ORDER BY start_time asc  [ RunTime:0.0010s ]

[ 2017-12-29T17:48:39+08:00 ] 192.168.0.101 /admin.php/Remark/auto_hit
INFO: [ app_init ] --START--
INFO: Run Behavior\BuildLiteBehavior [ RunTime:0.000000s ]
INFO: [ app_init ] --END-- [ RunTime:0.000000s ]
INFO: [ app_begin ] --START--
INFO: Run Behavior\ReadHtmlCacheBehavior [ RunTime:0.001000s ]
INFO: [ app_begin ] --END-- [ RunTime:0.001000s ]
SQL: SHOW COLUMNS FROM `manage_affirm` [ RunTime:0.0040s ]
SQL: SELECT * FROM `manage_affirm` WHERE ( result = 0 )  [ RunTime:0.0000s ]
SQL: SHOW COLUMNS FROM `manage_item` [ RunTime:0.0030s ]
SQL: SELECT * FROM `manage_item` WHERE ( is_block = 1 )  [ RunTime:0.0000s ]
SQL: SHOW COLUMNS FROM `manage_details` [ RunTime:0.0030s ]
SQL: SELECT * FROM `manage_details` WHERE ( result = 0 )  [ RunTime:0.0000s ]
INFO: [ app_end ] --START--
INFO: Run Behavior\ShowPageTraceBehavior [ RunTime:0.001000s ]
INFO: [ app_end ] --END-- [ RunTime:0.001000s ]

[ 2017-12-29T17:48:39+08:00 ] 192.168.0.101 /admin.php/Remark/auto_hit
INFO: [ app_init ] --START--
INFO: Run Behavior\BuildLiteBehavior [ RunTime:0.000000s ]
INFO: [ app_init ] --END-- [ RunTime:0.001000s ]
INFO: [ app_begin ] --START--
INFO: Run Behavior\ReadHtmlCacheBehavior [ RunTime:0.001000s ]
INFO: [ app_begin ] --END-- [ RunTime:0.001000s ]
SQL: SHOW COLUMNS FROM `manage_affirm` [ RunTime:0.0020s ]
SQL: SELECT * FROM `manage_affirm` WHERE ( result = 0 )  [ RunTime:0.0010s ]
SQL: SHOW COLUMNS FROM `manage_item` [ RunTime:0.0030s ]
SQL: SELECT * FROM `manage_item` WHERE ( is_block = 1 )  [ RunTime:0.0000s ]
SQL: SHOW COLUMNS FROM `manage_details` [ RunTime:0.0030s ]
SQL: SELECT * FROM `manage_details` WHERE ( result = 0 )  [ RunTime:0.0000s ]
INFO: [ app_end ] --START--
INFO: Run Behavior\ShowPageTraceBehavior [ RunTime:0.000000s ]
INFO: [ app_end ] --END-- [ RunTime:0.000000s ]

[ 2017-12-29T17:48:39+08:00 ] 192.168.0.101 /admin.php/Remark/auto_hit
INFO: [ app_init ] --START--
INFO: Run Behavior\BuildLiteBehavior [ RunTime:0.000000s ]
INFO: [ app_init ] --END-- [ RunTime:0.001000s ]
INFO: [ app_begin ] --START--
INFO: Run Behavior\ReadHtmlCacheBehavior [ RunTime:0.001001s ]
INFO: [ app_begin ] --END-- [ RunTime:0.002001s ]
SQL: SHOW COLUMNS FROM `manage_affirm` [ RunTime:0.0030s ]
SQL: SELECT * FROM `manage_affirm` WHERE ( result = 0 )  [ RunTime:0.0000s ]
SQL: SHOW COLUMNS FROM `manage_item` [ RunTime:0.0030s ]
SQL: SELECT * FROM `manage_item` WHERE ( is_block = 1 )  [ RunTime:0.0000s ]
SQL: SHOW COLUMNS FROM `manage_details` [ RunTime:0.0020s ]
SQL: SELECT * FROM `manage_details` WHERE ( result = 0 )  [ RunTime:0.0010s ]
INFO: [ app_end ] --START--
INFO: Run Behavior\ShowPageTraceBehavior [ RunTime:0.000000s ]
INFO: [ app_end ] --END-- [ RunTime:0.000000s ]

