[ 2018-01-08T15:59:26+08:00 ] 127.0.0.1 /admin.php/Index/index
INFO: [ app_init ] --START--
INFO: Run Behavior\BuildLiteBehavior [ RunTime:0.000000s ]
INFO: [ app_init ] --END-- [ RunTime:0.001000s ]
INFO: [ app_begin ] --START--
INFO: Run Behavior\ReadHtmlCacheBehavior [ RunTime:0.001000s ]
INFO: [ app_begin ] --END-- [ RunTime:0.001000s ]
SQL: SHOW COLUMNS FROM `manage_affirm` [ RunTime:0.0360s ]
SQL: SELECT * FROM `manage_affirm` WHERE ( result = 0 )  [ RunTime:0.0010s ]
SQL: SHOW COLUMNS FROM `manage_item` [ RunTime:0.0200s ]
SQL: SELECT * FROM `manage_item` WHERE ( is_block = 1 )  [ RunTime:0.0000s ]
NOTIC: [8] Undefined index: block_item E:\www\manage\App\Admin\Controller\BaseController.class.php 第 75 行.
NOTIC: [8] Undefined variable: item E:\www\manage\App\Admin\Controller\BaseController.class.php 第 80 行.
NOTIC: [2] file_get_contents(access_token.php): failed to open stream: No such file or directory E:\www\manage\Lib\ThinkPHP\Library\Vendor\WXAPI\JSSDK.php 第 112 行.
NOTIC: [8] Trying to get property of non-object E:\www\manage\Lib\ThinkPHP\Library\Vendor\WXAPI\JSSDK.php 第 74 行.
NOTIC: [8] Undefined property: stdClass::$access_token E:\www\manage\Lib\ThinkPHP\Library\Vendor\WXAPI\JSSDK.php 第 81 行.
NOTIC: [2] fopen(E:\www\manage\Lib\ThinkPHP\Library\Org\Net/UTFWry.dat): failed to open stream: No such file or directory E:\www\manage\Lib\ThinkPHP\Library\Org\Net\IpLocation.class.php 第 54 行.

[ 2018-01-08T15:59:28+08:00 ] 127.0.0.1 /admin.php/Login/login
INFO: [ app_init ] --START--
INFO: Run Behavior\BuildLiteBehavior [ RunTime:0.000000s ]
INFO: [ app_init ] --END-- [ RunTime:0.000000s ]
INFO: [ app_begin ] --START--
INFO: Run Behavior\ReadHtmlCacheBehavior [ RunTime:0.001000s ]
INFO: [ app_begin ] --END-- [ RunTime:0.001000s ]
INFO: [ view_parse ] --START--
INFO: [ template_filter ] --START--
INFO: Run Behavior\ContentReplaceBehavior [ RunTime:0.000000s ]
INFO: [ template_filter ] --END-- [ RunTime:0.000000s ]
INFO: Run Behavior\ParseTemplateBehavior [ RunTime:0.013000s ]
INFO: [ view_parse ] --END-- [ RunTime:0.013000s ]
INFO: [ view_filter ] --START--
INFO: Run Behavior\WriteHtmlCacheBehavior [ RunTime:0.001000s ]
INFO: [ view_filter ] --END-- [ RunTime:0.001000s ]
INFO: [ app_end ] --START--
INFO: Run Behavior\ShowPageTraceBehavior [ RunTime:0.001001s ]
INFO: [ app_end ] --END-- [ RunTime:0.001001s ]

[ 2018-01-08T15:59:32+08:00 ] 127.0.0.1 /admin.php/Login/login_do
INFO: [ app_init ] --START--
INFO: Run Behavior\BuildLiteBehavior [ RunTime:0.000000s ]
INFO: [ app_init ] --END-- [ RunTime:0.001000s ]
INFO: [ app_begin ] --START--
INFO: Run Behavior\ReadHtmlCacheBehavior [ RunTime:0.003000s ]
INFO: [ app_begin ] --END-- [ RunTime:0.003000s ]
SQL: SHOW COLUMNS FROM `manage_users` [ RunTime:0.0510s ]
SQL: SELECT * FROM `manage_users` WHERE ( phone = '13888888888' and password = '202cb962ac59075b964b07152d234b70' and is_del = 0 ) LIMIT 1   [ RunTime:0.0010s ]
INFO: [ app_end ] --START--
INFO: Run Behavior\ShowPageTraceBehavior [ RunTime:0.001000s ]
INFO: [ app_end ] --END-- [ RunTime:0.002000s ]

[ 2018-01-08T15:59:35+08:00 ] 127.0.0.1 /admin.php/Login/login_do
INFO: [ app_init ] --START--
INFO: Run Behavior\BuildLiteBehavior [ RunTime:0.000000s ]
INFO: [ app_init ] --END-- [ RunTime:0.001001s ]
INFO: [ app_begin ] --START--
INFO: Run Behavior\ReadHtmlCacheBehavior [ RunTime:0.001000s ]
INFO: [ app_begin ] --END-- [ RunTime:0.001000s ]
SQL: SHOW COLUMNS FROM `manage_users` [ RunTime:0.0060s ]
SQL: SELECT * FROM `manage_users` WHERE ( phone = '13888888888' and password = '8f9cf3f5789e16124f38936954a98668' and is_del = 0 ) LIMIT 1   [ RunTime:0.0000s ]
INFO: [ app_end ] --START--
INFO: Run Behavior\ShowPageTraceBehavior [ RunTime:0.003000s ]
INFO: [ app_end ] --END-- [ RunTime:0.003000s ]

[ 2018-01-08T15:59:38+08:00 ] 127.0.0.1 /admin.php/Login/login_do
INFO: [ app_init ] --START--
INFO: Run Behavior\BuildLiteBehavior [ RunTime:0.001000s ]
INFO: [ app_init ] --END-- [ RunTime:0.003000s ]
INFO: [ app_begin ] --START--
INFO: Run Behavior\ReadHtmlCacheBehavior [ RunTime:0.001000s ]
INFO: [ app_begin ] --END-- [ RunTime:0.001000s ]
SQL: SHOW COLUMNS FROM `manage_users` [ RunTime:0.0100s ]
SQL: SELECT * FROM `manage_users` WHERE ( phone = '13888888888' and password = '4297f44b13955235245b2497399d7a93' and is_del = 0 ) LIMIT 1   [ RunTime:0.0000s ]
SQL: SHOW COLUMNS FROM `manage_log` [ RunTime:0.0260s ]
SQL: INSERT INTO `manage_log` (`title`,`username`,`ip`) VALUES ('登录系统','admin','127.0.0.1') [ RunTime:0.0410s ]
INFO: [ app_end ] --START--
INFO: Run Behavior\ShowPageTraceBehavior [ RunTime:0.003000s ]
INFO: [ app_end ] --END-- [ RunTime:0.003000s ]

[ 2018-01-08T15:59:39+08:00 ] 127.0.0.1 /admin.php/Index/index
INFO: [ app_init ] --START--
INFO: Run Behavior\BuildLiteBehavior [ RunTime:0.000000s ]
INFO: [ app_init ] --END-- [ RunTime:0.000000s ]
INFO: [ app_begin ] --START--
INFO: Run Behavior\ReadHtmlCacheBehavior [ RunTime:0.001000s ]
INFO: [ app_begin ] --END-- [ RunTime:0.001000s ]
SQL: SHOW COLUMNS FROM `manage_affirm` [ RunTime:0.0030s ]
SQL: SELECT * FROM `manage_affirm` WHERE ( result = 0 )  [ RunTime:0.0000s ]
SQL: SHOW COLUMNS FROM `manage_item` [ RunTime:0.0060s ]
SQL: SELECT * FROM `manage_item` WHERE ( is_block = 1 )  [ RunTime:0.0000s ]
NOTIC: [8] Undefined index: block_item E:\www\manage\App\Admin\Controller\BaseController.class.php 第 75 行.
NOTIC: [8] Undefined variable: item E:\www\manage\App\Admin\Controller\BaseController.class.php 第 80 行.
NOTIC: [2] file_get_contents(access_token.php): failed to open stream: No such file or directory E:\www\manage\Lib\ThinkPHP\Library\Vendor\WXAPI\JSSDK.php 第 112 行.
NOTIC: [8] Trying to get property of non-object E:\www\manage\Lib\ThinkPHP\Library\Vendor\WXAPI\JSSDK.php 第 74 行.
NOTIC: [8] Undefined property: stdClass::$access_token E:\www\manage\Lib\ThinkPHP\Library\Vendor\WXAPI\JSSDK.php 第 81 行.
NOTIC: [2] fopen(E:\www\manage\Lib\ThinkPHP\Library\Org\Net/UTFWry.dat): failed to open stream: No such file or directory E:\www\manage\Lib\ThinkPHP\Library\Org\Net\IpLocation.class.php 第 54 行.

[ 2018-01-08T16:00:15+08:00 ] 127.0.0.1 /admin.php/Index/index
INFO: [ app_init ] --START--
INFO: Run Behavior\BuildLiteBehavior [ RunTime:0.000000s ]
INFO: [ app_init ] --END-- [ RunTime:0.000000s ]
INFO: [ app_begin ] --START--
INFO: Run Behavior\ReadHtmlCacheBehavior [ RunTime:0.001000s ]
INFO: [ app_begin ] --END-- [ RunTime:0.001000s ]
SQL: SHOW COLUMNS FROM `manage_affirm` [ RunTime:0.0030s ]
SQL: SELECT * FROM `manage_affirm` WHERE ( result = 0 )  [ RunTime:0.0000s ]
SQL: SHOW COLUMNS FROM `manage_item` [ RunTime:0.0030s ]
SQL: SELECT * FROM `manage_item` WHERE ( is_block = 1 )  [ RunTime:0.0010s ]
NOTIC: [8] Undefined index: block_item E:\www\manage\App\Admin\Controller\BaseController.class.php 第 75 行.
NOTIC: [8] Undefined variable: item E:\www\manage\App\Admin\Controller\BaseController.class.php 第 80 行.
NOTIC: [2] file_get_contents(access_token.php): failed to open stream: No such file or directory E:\www\manage\Lib\ThinkPHP\Library\Vendor\WXAPI\JSSDK.php 第 112 行.
NOTIC: [8] Trying to get property of non-object E:\www\manage\Lib\ThinkPHP\Library\Vendor\WXAPI\JSSDK.php 第 74 行.
NOTIC: [8] Undefined property: stdClass::$access_token E:\www\manage\Lib\ThinkPHP\Library\Vendor\WXAPI\JSSDK.php 第 81 行.
SQL: SHOW TABLE STATUS [ RunTime:0.2220s ]

[ 2018-01-08T16:00:17+08:00 ] 127.0.0.1 /admin.php/Index/index
INFO: [ app_init ] --START--
INFO: Run Behavior\BuildLiteBehavior [ RunTime:0.000000s ]
INFO: [ app_init ] --END-- [ RunTime:0.000000s ]
INFO: [ app_begin ] --START--
INFO: Run Behavior\ReadHtmlCacheBehavior [ RunTime:0.002000s ]
INFO: [ app_begin ] --END-- [ RunTime:0.002000s ]
SQL: SHOW COLUMNS FROM `manage_affirm` [ RunTime:0.0030s ]
SQL: SELECT * FROM `manage_affirm` WHERE ( result = 0 )  [ RunTime:0.0010s ]
SQL: SHOW COLUMNS FROM `manage_item` [ RunTime:0.0030s ]
SQL: SELECT * FROM `manage_item` WHERE ( is_block = 1 )  [ RunTime:0.0020s ]
NOTIC: [8] Undefined index: block_item E:\www\manage\App\Admin\Controller\BaseController.class.php 第 75 行.
NOTIC: [8] Undefined variable: item E:\www\manage\App\Admin\Controller\BaseController.class.php 第 80 行.
NOTIC: [2] file_get_contents(access_token.php): failed to open stream: No such file or directory E:\www\manage\Lib\ThinkPHP\Library\Vendor\WXAPI\JSSDK.php 第 112 行.
NOTIC: [8] Trying to get property of non-object E:\www\manage\Lib\ThinkPHP\Library\Vendor\WXAPI\JSSDK.php 第 74 行.
NOTIC: [8] Undefined property: stdClass::$access_token E:\www\manage\Lib\ThinkPHP\Library\Vendor\WXAPI\JSSDK.php 第 81 行.
SQL: SHOW TABLE STATUS [ RunTime:0.0020s ]

