[ 2018-01-02T12:00:16+08:00 ] 127.0.0.1 /admin.php/Index/index
INFO: [ app_init ] --START--
INFO: Run Behavior\BuildLiteBehavior [ RunTime:0.000000s ]
INFO: [ app_init ] --END-- [ RunTime:0.000000s ]
INFO: [ app_begin ] --START--
INFO: Run Behavior\ReadHtmlCacheBehavior [ RunTime:0.001000s ]
INFO: [ app_begin ] --END-- [ RunTime:0.001000s ]
SQL: SHOW COLUMNS FROM `manage_affirm` [ RunTime:0.0380s ]
SQL: SELECT * FROM `manage_affirm` WHERE ( result = 0 )  [ RunTime:0.0010s ]
SQL: SHOW COLUMNS FROM `manage_item` [ RunTime:0.0140s ]
SQL: SELECT * FROM `manage_item` WHERE ( is_block = 1 )  [ RunTime:0.0000s ]
INFO: [ view_parse ] --START--
INFO: [ template_filter ] --START--
INFO: Run Behavior\ContentReplaceBehavior [ RunTime:0.001000s ]
INFO: [ template_filter ] --END-- [ RunTime:0.001000s ]
NOTIC: [8] Undefined index: userinfo E:\www\manage\App\Runtime\Cache\Admin\ec3bc31a8e9f557f8022dfd01d3158ce.php 第 35 行.
NOTIC: [8] Undefined index: userinfo E:\www\manage\App\Runtime\Cache\Admin\ec3bc31a8e9f557f8022dfd01d3158ce.php 第 62 行.
NOTIC: [8] Undefined index: userinfo E:\www\manage\App\Runtime\Cache\Admin\ec3bc31a8e9f557f8022dfd01d3158ce.php 第 111 行.
NOTIC: [8] Undefined index: userinfo E:\www\manage\App\Runtime\Cache\Admin\ec3bc31a8e9f557f8022dfd01d3158ce.php 第 114 行.
NOTIC: [8] Undefined index: userinfo E:\www\manage\App\Runtime\Cache\Admin\ec3bc31a8e9f557f8022dfd01d3158ce.php 第 115 行.
NOTIC: [8] Undefined index: userinfo E:\www\manage\App\Runtime\Cache\Admin\ec3bc31a8e9f557f8022dfd01d3158ce.php 第 230 行.
NOTIC: [8] Undefined index: userinfo E:\www\manage\App\Runtime\Cache\Admin\ec3bc31a8e9f557f8022dfd01d3158ce.php 第 235 行.
NOTIC: [8] Undefined index: userinfo E:\www\manage\App\Runtime\Cache\Admin\ec3bc31a8e9f557f8022dfd01d3158ce.php 第 237 行.
NOTIC: [8] Undefined variable: UI E:\www\manage\App\Runtime\Cache\Admin\ec3bc31a8e9f557f8022dfd01d3158ce.php 第 278 行.
INFO: Run Behavior\ParseTemplateBehavior [ RunTime:0.017001s ]
INFO: [ view_parse ] --END-- [ RunTime:0.017001s ]
INFO: [ view_filter ] --START--
INFO: Run Behavior\WriteHtmlCacheBehavior [ RunTime:0.001000s ]
INFO: [ view_filter ] --END-- [ RunTime:0.001000s ]
INFO: [ app_end ] --START--
INFO: Run Behavior\ShowPageTraceBehavior [ RunTime:0.001000s ]
INFO: [ app_end ] --END-- [ RunTime:0.001000s ]

[ 2018-01-02T12:00:17+08:00 ] 127.0.0.1 /admin.php/Login/login
INFO: [ app_init ] --START--
INFO: Run Behavior\BuildLiteBehavior [ RunTime:0.000000s ]
INFO: [ app_init ] --END-- [ RunTime:0.001000s ]
INFO: [ app_begin ] --START--
INFO: Run Behavior\ReadHtmlCacheBehavior [ RunTime:0.001000s ]
INFO: [ app_begin ] --END-- [ RunTime:0.001000s ]
INFO: [ view_parse ] --START--
INFO: [ template_filter ] --START--
INFO: Run Behavior\ContentReplaceBehavior [ RunTime:0.000000s ]
INFO: [ template_filter ] --END-- [ RunTime:0.000000s ]
INFO: Run Behavior\ParseTemplateBehavior [ RunTime:0.008001s ]
INFO: [ view_parse ] --END-- [ RunTime:0.008001s ]
INFO: [ view_filter ] --START--
INFO: Run Behavior\WriteHtmlCacheBehavior [ RunTime:0.000000s ]
INFO: [ view_filter ] --END-- [ RunTime:0.000000s ]
INFO: [ app_end ] --START--
INFO: Run Behavior\ShowPageTraceBehavior [ RunTime:0.001000s ]
INFO: [ app_end ] --END-- [ RunTime:0.001000s ]

[ 2018-01-02T12:00:23+08:00 ] 127.0.0.1 /admin.php/Login/login_do
INFO: [ app_init ] --START--
INFO: Run Behavior\BuildLiteBehavior [ RunTime:0.000000s ]
INFO: [ app_init ] --END-- [ RunTime:0.000000s ]
INFO: [ app_begin ] --START--
INFO: Run Behavior\ReadHtmlCacheBehavior [ RunTime:0.001000s ]
INFO: [ app_begin ] --END-- [ RunTime:0.001000s ]
INFO: [ app_end ] --START--
INFO: Run Behavior\ShowPageTraceBehavior [ RunTime:0.001000s ]
INFO: [ app_end ] --END-- [ RunTime:0.001000s ]

[ 2018-01-02T12:00:27+08:00 ] 127.0.0.1 /admin.php/Login/login
INFO: [ app_init ] --START--
INFO: Run Behavior\BuildLiteBehavior [ RunTime:0.000000s ]
INFO: [ app_init ] --END-- [ RunTime:0.002000s ]
INFO: [ app_begin ] --START--
INFO: Run Behavior\ReadHtmlCacheBehavior [ RunTime:0.002001s ]
INFO: [ app_begin ] --END-- [ RunTime:0.002001s ]
INFO: [ view_parse ] --START--
INFO: [ template_filter ] --START--
INFO: Run Behavior\ContentReplaceBehavior [ RunTime:0.000000s ]
INFO: [ template_filter ] --END-- [ RunTime:0.000000s ]
INFO: Run Behavior\ParseTemplateBehavior [ RunTime:0.007000s ]
INFO: [ view_parse ] --END-- [ RunTime:0.007000s ]
INFO: [ view_filter ] --START--
INFO: Run Behavior\WriteHtmlCacheBehavior [ RunTime:0.001000s ]
INFO: [ view_filter ] --END-- [ RunTime:0.001000s ]
INFO: [ app_end ] --START--
INFO: Run Behavior\ShowPageTraceBehavior [ RunTime:0.000000s ]
INFO: [ app_end ] --END-- [ RunTime:0.000000s ]

[ 2018-01-02T12:00:28+08:00 ] 127.0.0.1 /admin.php/Login/login
INFO: [ app_init ] --START--
INFO: Run Behavior\BuildLiteBehavior [ RunTime:0.000000s ]
INFO: [ app_init ] --END-- [ RunTime:0.001000s ]
INFO: [ app_begin ] --START--
INFO: Run Behavior\ReadHtmlCacheBehavior [ RunTime:0.001000s ]
INFO: [ app_begin ] --END-- [ RunTime:0.001000s ]
INFO: [ view_parse ] --START--
INFO: [ template_filter ] --START--
INFO: Run Behavior\ContentReplaceBehavior [ RunTime:0.000000s ]
INFO: [ template_filter ] --END-- [ RunTime:0.000000s ]
INFO: Run Behavior\ParseTemplateBehavior [ RunTime:0.016001s ]
INFO: [ view_parse ] --END-- [ RunTime:0.016001s ]
INFO: [ view_filter ] --START--
INFO: Run Behavior\WriteHtmlCacheBehavior [ RunTime:0.001000s ]
INFO: [ view_filter ] --END-- [ RunTime:0.001000s ]
INFO: [ app_end ] --START--
INFO: Run Behavior\ShowPageTraceBehavior [ RunTime:0.000000s ]
INFO: [ app_end ] --END-- [ RunTime:0.000000s ]

[ 2018-01-02T12:00:28+08:00 ] 127.0.0.1 /admin.php/Login/login
INFO: [ app_init ] --START--
INFO: Run Behavior\BuildLiteBehavior [ RunTime:0.000000s ]
INFO: [ app_init ] --END-- [ RunTime:0.003001s ]
INFO: [ app_begin ] --START--
INFO: Run Behavior\ReadHtmlCacheBehavior [ RunTime:0.001000s ]
INFO: [ app_begin ] --END-- [ RunTime:0.001000s ]
INFO: [ view_parse ] --START--
INFO: [ template_filter ] --START--
INFO: Run Behavior\ContentReplaceBehavior [ RunTime:0.000000s ]
INFO: [ template_filter ] --END-- [ RunTime:0.000000s ]
INFO: Run Behavior\ParseTemplateBehavior [ RunTime:0.006000s ]
INFO: [ view_parse ] --END-- [ RunTime:0.006000s ]
INFO: [ view_filter ] --START--
INFO: Run Behavior\WriteHtmlCacheBehavior [ RunTime:0.001000s ]
INFO: [ view_filter ] --END-- [ RunTime:0.001000s ]
INFO: [ app_end ] --START--
INFO: Run Behavior\ShowPageTraceBehavior [ RunTime:0.001000s ]
INFO: [ app_end ] --END-- [ RunTime:0.001000s ]

[ 2018-01-02T12:00:28+08:00 ] 127.0.0.1 /admin.php/Login/login
INFO: [ app_init ] --START--
INFO: Run Behavior\BuildLiteBehavior [ RunTime:0.000000s ]
INFO: [ app_init ] --END-- [ RunTime:0.000000s ]
INFO: [ app_begin ] --START--
INFO: Run Behavior\ReadHtmlCacheBehavior [ RunTime:0.001000s ]
INFO: [ app_begin ] --END-- [ RunTime:0.001000s ]
INFO: [ view_parse ] --START--
INFO: [ template_filter ] --START--
INFO: Run Behavior\ContentReplaceBehavior [ RunTime:0.000000s ]
INFO: [ template_filter ] --END-- [ RunTime:0.001000s ]
INFO: Run Behavior\ParseTemplateBehavior [ RunTime:0.010000s ]
INFO: [ view_parse ] --END-- [ RunTime:0.010000s ]
INFO: [ view_filter ] --START--
INFO: Run Behavior\WriteHtmlCacheBehavior [ RunTime:0.000000s ]
INFO: [ view_filter ] --END-- [ RunTime:0.000000s ]
INFO: [ app_end ] --START--
INFO: Run Behavior\ShowPageTraceBehavior [ RunTime:0.001000s ]
INFO: [ app_end ] --END-- [ RunTime:0.001000s ]

[ 2018-01-02T12:00:28+08:00 ] 127.0.0.1 /admin.php/Login/login
INFO: [ app_init ] --START--
INFO: Run Behavior\BuildLiteBehavior [ RunTime:0.000000s ]
INFO: [ app_init ] --END-- [ RunTime:0.001000s ]
INFO: [ app_begin ] --START--
INFO: Run Behavior\ReadHtmlCacheBehavior [ RunTime:0.002000s ]
INFO: [ app_begin ] --END-- [ RunTime:0.003000s ]
INFO: [ view_parse ] --START--
INFO: [ template_filter ] --START--
INFO: Run Behavior\ContentReplaceBehavior [ RunTime:0.000000s ]
INFO: [ template_filter ] --END-- [ RunTime:0.000000s ]
INFO: Run Behavior\ParseTemplateBehavior [ RunTime:0.011001s ]
INFO: [ view_parse ] --END-- [ RunTime:0.011001s ]
INFO: [ view_filter ] --START--
INFO: Run Behavior\WriteHtmlCacheBehavior [ RunTime:0.000000s ]
INFO: [ view_filter ] --END-- [ RunTime:0.001000s ]
INFO: [ app_end ] --START--
INFO: Run Behavior\ShowPageTraceBehavior [ RunTime:0.000000s ]
INFO: [ app_end ] --END-- [ RunTime:0.000000s ]

[ 2018-01-02T12:00:35+08:00 ] 127.0.0.1 /admin.php/Login/login
INFO: [ app_init ] --START--
INFO: Run Behavior\BuildLiteBehavior [ RunTime:0.000000s ]
INFO: [ app_init ] --END-- [ RunTime:0.001000s ]
INFO: [ app_begin ] --START--
INFO: Run Behavior\ReadHtmlCacheBehavior [ RunTime:0.002000s ]
INFO: [ app_begin ] --END-- [ RunTime:0.002000s ]
INFO: [ view_parse ] --START--
INFO: [ template_filter ] --START--
INFO: Run Behavior\ContentReplaceBehavior [ RunTime:0.000000s ]
INFO: [ template_filter ] --END-- [ RunTime:0.001000s ]
INFO: Run Behavior\ParseTemplateBehavior [ RunTime:0.011000s ]
INFO: [ view_parse ] --END-- [ RunTime:0.011000s ]
INFO: [ view_filter ] --START--
INFO: Run Behavior\WriteHtmlCacheBehavior [ RunTime:0.000000s ]
INFO: [ view_filter ] --END-- [ RunTime:0.001000s ]
INFO: [ app_end ] --START--
INFO: Run Behavior\ShowPageTraceBehavior [ RunTime:0.000000s ]
INFO: [ app_end ] --END-- [ RunTime:0.000000s ]

[ 2018-01-02T12:00:36+08:00 ] 127.0.0.1 /admin.php/Login/login
INFO: [ app_init ] --START--
INFO: Run Behavior\BuildLiteBehavior [ RunTime:0.000000s ]
INFO: [ app_init ] --END-- [ RunTime:0.001000s ]
INFO: [ app_begin ] --START--
INFO: Run Behavior\ReadHtmlCacheBehavior [ RunTime:0.001000s ]
INFO: [ app_begin ] --END-- [ RunTime:0.001000s ]
INFO: [ view_parse ] --START--
INFO: [ template_filter ] --START--
INFO: Run Behavior\ContentReplaceBehavior [ RunTime:0.000000s ]
INFO: [ template_filter ] --END-- [ RunTime:0.000000s ]
INFO: Run Behavior\ParseTemplateBehavior [ RunTime:0.008001s ]
INFO: [ view_parse ] --END-- [ RunTime:0.008001s ]
INFO: [ view_filter ] --START--
INFO: Run Behavior\WriteHtmlCacheBehavior [ RunTime:0.001000s ]
INFO: [ view_filter ] --END-- [ RunTime:0.001000s ]
INFO: [ app_end ] --START--
INFO: Run Behavior\ShowPageTraceBehavior [ RunTime:0.000000s ]
INFO: [ app_end ] --END-- [ RunTime:0.000000s ]

[ 2018-01-02T12:00:36+08:00 ] 127.0.0.1 /admin.php/Login/login
INFO: [ app_init ] --START--
INFO: Run Behavior\BuildLiteBehavior [ RunTime:0.000000s ]
INFO: [ app_init ] --END-- [ RunTime:0.000000s ]
INFO: [ app_begin ] --START--
INFO: Run Behavior\ReadHtmlCacheBehavior [ RunTime:0.002000s ]
INFO: [ app_begin ] --END-- [ RunTime:0.002000s ]
INFO: [ view_parse ] --START--
INFO: [ template_filter ] --START--
INFO: Run Behavior\ContentReplaceBehavior [ RunTime:0.000000s ]
INFO: [ template_filter ] --END-- [ RunTime:0.000000s ]
INFO: Run Behavior\ParseTemplateBehavior [ RunTime:0.004000s ]
INFO: [ view_parse ] --END-- [ RunTime:0.004000s ]
INFO: [ view_filter ] --START--
INFO: Run Behavior\WriteHtmlCacheBehavior [ RunTime:0.001001s ]
INFO: [ view_filter ] --END-- [ RunTime:0.001001s ]
INFO: [ app_end ] --START--
INFO: Run Behavior\ShowPageTraceBehavior [ RunTime:0.000000s ]
INFO: [ app_end ] --END-- [ RunTime:0.000000s ]

[ 2018-01-02T12:01:09+08:00 ] 127.0.0.1 /admin.php/Login/login
INFO: [ app_init ] --START--
INFO: Run Behavior\BuildLiteBehavior [ RunTime:0.000000s ]
INFO: [ app_init ] --END-- [ RunTime:0.000000s ]
INFO: [ app_begin ] --START--
INFO: Run Behavior\ReadHtmlCacheBehavior [ RunTime:0.001000s ]
INFO: [ app_begin ] --END-- [ RunTime:0.001000s ]
INFO: [ view_parse ] --START--
INFO: [ template_filter ] --START--
INFO: Run Behavior\ContentReplaceBehavior [ RunTime:0.000000s ]
INFO: [ template_filter ] --END-- [ RunTime:0.000000s ]
INFO: Run Behavior\ParseTemplateBehavior [ RunTime:0.006001s ]
INFO: [ view_parse ] --END-- [ RunTime:0.006001s ]
INFO: [ view_filter ] --START--
INFO: Run Behavior\WriteHtmlCacheBehavior [ RunTime:0.000000s ]
INFO: [ view_filter ] --END-- [ RunTime:0.000000s ]
INFO: [ app_end ] --START--
INFO: Run Behavior\ShowPageTraceBehavior [ RunTime:0.001000s ]
INFO: [ app_end ] --END-- [ RunTime:0.001000s ]

[ 2018-01-02T16:55:13+08:00 ] 192.168.0.103 /admin.php/Index/index.html
INFO: [ app_init ] --START--
INFO: Run Behavior\BuildLiteBehavior [ RunTime:0.000000s ]
INFO: [ app_init ] --END-- [ RunTime:0.000000s ]
INFO: [ app_begin ] --START--
INFO: Run Behavior\ReadHtmlCacheBehavior [ RunTime:0.001000s ]
INFO: [ app_begin ] --END-- [ RunTime:0.001000s ]
SQL: SHOW COLUMNS FROM `manage_affirm` [ RunTime:0.0030s ]
SQL: SELECT * FROM `manage_affirm` WHERE ( result = 0 )  [ RunTime:0.0010s ]
SQL: SHOW COLUMNS FROM `manage_item` [ RunTime:0.0040s ]
SQL: SELECT * FROM `manage_item` WHERE ( is_block = 1 )  [ RunTime:0.0000s ]
INFO: [ view_parse ] --START--
INFO: [ template_filter ] --START--
INFO: Run Behavior\ContentReplaceBehavior [ RunTime:0.000000s ]
INFO: [ template_filter ] --END-- [ RunTime:0.000000s ]
NOTIC: [8] Undefined index: userinfo E:\www\manage\App\Runtime\Cache\Admin\ec3bc31a8e9f557f8022dfd01d3158ce.php 第 35 行.
NOTIC: [8] Undefined index: userinfo E:\www\manage\App\Runtime\Cache\Admin\ec3bc31a8e9f557f8022dfd01d3158ce.php 第 62 行.
NOTIC: [8] Undefined index: userinfo E:\www\manage\App\Runtime\Cache\Admin\ec3bc31a8e9f557f8022dfd01d3158ce.php 第 111 行.
NOTIC: [8] Undefined index: userinfo E:\www\manage\App\Runtime\Cache\Admin\ec3bc31a8e9f557f8022dfd01d3158ce.php 第 114 行.
NOTIC: [8] Undefined index: userinfo E:\www\manage\App\Runtime\Cache\Admin\ec3bc31a8e9f557f8022dfd01d3158ce.php 第 115 行.
NOTIC: [8] Undefined index: userinfo E:\www\manage\App\Runtime\Cache\Admin\ec3bc31a8e9f557f8022dfd01d3158ce.php 第 230 行.
NOTIC: [8] Undefined index: userinfo E:\www\manage\App\Runtime\Cache\Admin\ec3bc31a8e9f557f8022dfd01d3158ce.php 第 235 行.
NOTIC: [8] Undefined index: userinfo E:\www\manage\App\Runtime\Cache\Admin\ec3bc31a8e9f557f8022dfd01d3158ce.php 第 237 行.
NOTIC: [8] Undefined variable: UI E:\www\manage\App\Runtime\Cache\Admin\ec3bc31a8e9f557f8022dfd01d3158ce.php 第 278 行.
INFO: Run Behavior\ParseTemplateBehavior [ RunTime:0.013001s ]
INFO: [ view_parse ] --END-- [ RunTime:0.014001s ]
INFO: [ view_filter ] --START--
INFO: Run Behavior\WriteHtmlCacheBehavior [ RunTime:0.000000s ]
INFO: [ view_filter ] --END-- [ RunTime:0.000000s ]
INFO: [ app_end ] --START--
INFO: Run Behavior\ShowPageTraceBehavior [ RunTime:0.001000s ]
INFO: [ app_end ] --END-- [ RunTime:0.001000s ]

[ 2018-01-02T16:55:14+08:00 ] 192.168.0.103 /admin.php/Login/login
INFO: [ app_init ] --START--
INFO: Run Behavior\BuildLiteBehavior [ RunTime:0.000000s ]
INFO: [ app_init ] --END-- [ RunTime:0.000000s ]
INFO: [ app_begin ] --START--
INFO: Run Behavior\ReadHtmlCacheBehavior [ RunTime:0.000000s ]
INFO: [ app_begin ] --END-- [ RunTime:0.001000s ]
INFO: [ view_parse ] --START--
INFO: [ template_filter ] --START--
INFO: Run Behavior\ContentReplaceBehavior [ RunTime:0.000000s ]
INFO: [ template_filter ] --END-- [ RunTime:0.000000s ]
INFO: Run Behavior\ParseTemplateBehavior [ RunTime:0.004000s ]
INFO: [ view_parse ] --END-- [ RunTime:0.005000s ]
INFO: [ view_filter ] --START--
INFO: Run Behavior\WriteHtmlCacheBehavior [ RunTime:0.001001s ]
INFO: [ view_filter ] --END-- [ RunTime:0.001001s ]
INFO: [ app_end ] --START--
INFO: Run Behavior\ShowPageTraceBehavior [ RunTime:0.000000s ]
INFO: [ app_end ] --END-- [ RunTime:0.000000s ]

[ 2018-01-02T16:55:15+08:00 ] 192.168.0.103 /admin.php/Log/log.html
INFO: [ app_init ] --START--
INFO: Run Behavior\BuildLiteBehavior [ RunTime:0.000000s ]
INFO: [ app_init ] --END-- [ RunTime:0.001000s ]
INFO: [ app_begin ] --START--
INFO: Run Behavior\ReadHtmlCacheBehavior [ RunTime:0.000000s ]
INFO: [ app_begin ] --END-- [ RunTime:0.000000s ]
SQL: SHOW COLUMNS FROM `manage_affirm` [ RunTime:0.0040s ]
SQL: SELECT * FROM `manage_affirm` WHERE ( result = 0 )  [ RunTime:0.0000s ]
SQL: SHOW COLUMNS FROM `manage_item` [ RunTime:0.0030s ]
SQL: SELECT * FROM `manage_item` WHERE ( is_block = 1 )  [ RunTime:0.0010s ]
SQL: SHOW COLUMNS FROM `manage_log` [ RunTime:0.0260s ]
SQL: SELECT * FROM `manage_log` ORDER BY time desc  [ RunTime:0.0010s ]
INFO: [ view_parse ] --START--
INFO: [ template_filter ] --START--
INFO: Run Behavior\ContentReplaceBehavior [ RunTime:0.000000s ]
INFO: [ template_filter ] --END-- [ RunTime:0.000000s ]
NOTIC: [8] Undefined index: userinfo E:\www\manage\App\Runtime\Cache\Admin\f999dd4522407750d8fb7e505ed6be77.php 第 42 行.
NOTIC: [8] Undefined index: userinfo E:\www\manage\App\Runtime\Cache\Admin\f999dd4522407750d8fb7e505ed6be77.php 第 69 行.
NOTIC: [8] Undefined index: userinfo E:\www\manage\App\Runtime\Cache\Admin\f999dd4522407750d8fb7e505ed6be77.php 第 118 行.
NOTIC: [8] Undefined index: userinfo E:\www\manage\App\Runtime\Cache\Admin\f999dd4522407750d8fb7e505ed6be77.php 第 121 行.
NOTIC: [8] Undefined index: userinfo E:\www\manage\App\Runtime\Cache\Admin\f999dd4522407750d8fb7e505ed6be77.php 第 122 行.
INFO: Run Behavior\ParseTemplateBehavior [ RunTime:0.012001s ]
INFO: [ view_parse ] --END-- [ RunTime:0.012001s ]
INFO: [ view_filter ] --START--
INFO: Run Behavior\WriteHtmlCacheBehavior [ RunTime:0.001000s ]
INFO: [ view_filter ] --END-- [ RunTime:0.001000s ]
INFO: [ app_end ] --START--
INFO: Run Behavior\ShowPageTraceBehavior [ RunTime:0.003000s ]
INFO: [ app_end ] --END-- [ RunTime:0.003000s ]

[ 2018-01-02T16:55:16+08:00 ] 192.168.0.103 /admin.php/Login/login
INFO: [ app_init ] --START--
INFO: Run Behavior\BuildLiteBehavior [ RunTime:0.000000s ]
INFO: [ app_init ] --END-- [ RunTime:0.001001s ]
INFO: [ app_begin ] --START--
INFO: Run Behavior\ReadHtmlCacheBehavior [ RunTime:0.001000s ]
INFO: [ app_begin ] --END-- [ RunTime:0.001000s ]
INFO: [ view_parse ] --START--
INFO: [ template_filter ] --START--
INFO: Run Behavior\ContentReplaceBehavior [ RunTime:0.000000s ]
INFO: [ template_filter ] --END-- [ RunTime:0.000000s ]
INFO: Run Behavior\ParseTemplateBehavior [ RunTime:0.005000s ]
INFO: [ view_parse ] --END-- [ RunTime:0.005000s ]
INFO: [ view_filter ] --START--
INFO: Run Behavior\WriteHtmlCacheBehavior [ RunTime:0.000000s ]
INFO: [ view_filter ] --END-- [ RunTime:0.000000s ]
INFO: [ app_end ] --START--
INFO: Run Behavior\ShowPageTraceBehavior [ RunTime:0.001000s ]
INFO: [ app_end ] --END-- [ RunTime:0.001000s ]

[ 2018-01-02T16:55:17+08:00 ] 192.168.0.103 /admin.php/Remark/wait_affirm.html
INFO: [ app_init ] --START--
INFO: Run Behavior\BuildLiteBehavior [ RunTime:0.000000s ]
INFO: [ app_init ] --END-- [ RunTime:0.000000s ]
INFO: [ app_begin ] --START--
INFO: Run Behavior\ReadHtmlCacheBehavior [ RunTime:0.000000s ]
INFO: [ app_begin ] --END-- [ RunTime:0.001000s ]
SQL: SHOW COLUMNS FROM `manage_affirm` [ RunTime:0.0030s ]
SQL: SELECT * FROM `manage_affirm` WHERE ( result = 0 )  [ RunTime:0.0000s ]
SQL: SHOW COLUMNS FROM `manage_item` [ RunTime:0.0030s ]
SQL: SELECT * FROM `manage_item` WHERE ( is_block = 1 )  [ RunTime:0.0000s ]
SQL: SHOW COLUMNS FROM `manage_details` [ RunTime:0.0360s ]
SQL: SELECT a.id,b.name FROM manage_details a,manage_item b WHERE ( a.item_id = b.id and a.result = 0 )  [ RunTime:0.0000s ]
INFO: [ view_parse ] --START--
INFO: [ template_filter ] --START--
INFO: Run Behavior\ContentReplaceBehavior [ RunTime:0.000000s ]
INFO: [ template_filter ] --END-- [ RunTime:0.001000s ]
NOTIC: [8] Undefined index: userinfo E:\www\manage\App\Runtime\Cache\Admin\9f249daaf586ea3d3b80df7d1a7d039e.php 第 42 行.
NOTIC: [8] Undefined index: userinfo E:\www\manage\App\Runtime\Cache\Admin\9f249daaf586ea3d3b80df7d1a7d039e.php 第 69 行.
NOTIC: [8] Undefined index: userinfo E:\www\manage\App\Runtime\Cache\Admin\9f249daaf586ea3d3b80df7d1a7d039e.php 第 118 行.
NOTIC: [8] Undefined index: userinfo E:\www\manage\App\Runtime\Cache\Admin\9f249daaf586ea3d3b80df7d1a7d039e.php 第 121 行.
NOTIC: [8] Undefined index: userinfo E:\www\manage\App\Runtime\Cache\Admin\9f249daaf586ea3d3b80df7d1a7d039e.php 第 122 行.
INFO: Run Behavior\ParseTemplateBehavior [ RunTime:0.013001s ]
INFO: [ view_parse ] --END-- [ RunTime:0.013001s ]
INFO: [ view_filter ] --START--
INFO: Run Behavior\WriteHtmlCacheBehavior [ RunTime:0.000000s ]
INFO: [ view_filter ] --END-- [ RunTime:0.000000s ]
INFO: [ app_end ] --START--
INFO: Run Behavior\ShowPageTraceBehavior [ RunTime:0.001000s ]
INFO: [ app_end ] --END-- [ RunTime:0.001000s ]

[ 2018-01-02T16:55:17+08:00 ] 192.168.0.103 /admin.php/My/password.html
INFO: [ app_init ] --START--
INFO: Run Behavior\BuildLiteBehavior [ RunTime:0.000000s ]
INFO: [ app_init ] --END-- [ RunTime:0.001000s ]
INFO: [ app_begin ] --START--
INFO: Run Behavior\ReadHtmlCacheBehavior [ RunTime:0.000000s ]
INFO: [ app_begin ] --END-- [ RunTime:0.001000s ]
SQL: SHOW COLUMNS FROM `manage_affirm` [ RunTime:0.0040s ]
SQL: SELECT * FROM `manage_affirm` WHERE ( result = 0 )  [ RunTime:0.0000s ]
SQL: SHOW COLUMNS FROM `manage_item` [ RunTime:0.0030s ]
SQL: SELECT * FROM `manage_item` WHERE ( is_block = 1 )  [ RunTime:0.0000s ]
INFO: [ view_parse ] --START--
INFO: [ template_filter ] --START--
INFO: Run Behavior\ContentReplaceBehavior [ RunTime:0.000000s ]
INFO: [ template_filter ] --END-- [ RunTime:0.000000s ]
NOTIC: [8] Undefined index: userinfo E:\www\manage\App\Runtime\Cache\Admin\26f426a805774798845ddeba33938dc4.php 第 37 行.
NOTIC: [8] Undefined index: userinfo E:\www\manage\App\Runtime\Cache\Admin\26f426a805774798845ddeba33938dc4.php 第 64 行.
NOTIC: [8] Undefined index: userinfo E:\www\manage\App\Runtime\Cache\Admin\26f426a805774798845ddeba33938dc4.php 第 113 行.
NOTIC: [8] Undefined index: userinfo E:\www\manage\App\Runtime\Cache\Admin\26f426a805774798845ddeba33938dc4.php 第 116 行.
NOTIC: [8] Undefined index: userinfo E:\www\manage\App\Runtime\Cache\Admin\26f426a805774798845ddeba33938dc4.php 第 117 行.
INFO: Run Behavior\ParseTemplateBehavior [ RunTime:0.011001s ]
INFO: [ view_parse ] --END-- [ RunTime:0.011001s ]
INFO: [ view_filter ] --START--
INFO: Run Behavior\WriteHtmlCacheBehavior [ RunTime:0.001000s ]
INFO: [ view_filter ] --END-- [ RunTime:0.001000s ]
INFO: [ app_end ] --START--
INFO: Run Behavior\ShowPageTraceBehavior [ RunTime:0.000000s ]
INFO: [ app_end ] --END-- [ RunTime:0.001000s ]

[ 2018-01-02T16:55:17+08:00 ] 192.168.0.103 /admin.php/My/my.html
INFO: [ app_init ] --START--
INFO: Run Behavior\BuildLiteBehavior [ RunTime:0.000000s ]
INFO: [ app_init ] --END-- [ RunTime:0.000000s ]
INFO: [ app_begin ] --START--
INFO: Run Behavior\ReadHtmlCacheBehavior [ RunTime:0.000000s ]
INFO: [ app_begin ] --END-- [ RunTime:0.000000s ]
SQL: SHOW COLUMNS FROM `manage_affirm` [ RunTime:0.0030s ]
SQL: SELECT * FROM `manage_affirm` WHERE ( result = 0 )  [ RunTime:0.0010s ]
SQL: SHOW COLUMNS FROM `manage_item` [ RunTime:0.0030s ]
SQL: SELECT * FROM `manage_item` WHERE ( is_block = 1 )  [ RunTime:0.0010s ]
NOTIC: [8] Undefined index: userinfo E:\www\manage\App\Admin\Controller\MyController.class.php 第 6 行.
SQL: SHOW COLUMNS FROM `manage_users` [ RunTime:0.0230s ]
ERR: 1064:You have an error in your SQL syntax; check the manual that corresponds to your MySQL server version for the right syntax to use near ') LIMIT 1' at line 1
 [ SQL语句 ] : SELECT a.id,a.username,a.phone,a.sex,a.birthday,a.entry_time,b.name FROM manage_users a,manage_position b WHERE ( a.position_id = b.id and a.id =  ) LIMIT 1  
ERR: 1064:You have an error in your SQL syntax; check the manual that corresponds to your MySQL server version for the right syntax to use near ') LIMIT 1' at line 1
 [ SQL语句 ] : SELECT a.id,a.username,a.phone,a.sex,a.birthday,a.entry_time,b.name FROM manage_users a,manage_position b WHERE ( a.position_id = b.id and a.id =  ) LIMIT 1  

[ 2018-01-02T16:55:18+08:00 ] 192.168.0.103 /admin.php/Performance/performance.html
INFO: [ app_init ] --START--
INFO: Run Behavior\BuildLiteBehavior [ RunTime:0.000000s ]
INFO: [ app_init ] --END-- [ RunTime:0.000000s ]
INFO: [ app_begin ] --START--
INFO: Run Behavior\ReadHtmlCacheBehavior [ RunTime:0.001000s ]
INFO: [ app_begin ] --END-- [ RunTime:0.001000s ]
SQL: SHOW COLUMNS FROM `manage_affirm` [ RunTime:0.0030s ]
SQL: SELECT * FROM `manage_affirm` WHERE ( result = 0 )  [ RunTime:0.0000s ]
SQL: SHOW COLUMNS FROM `manage_item` [ RunTime:0.0020s ]
SQL: SELECT * FROM `manage_item` WHERE ( is_block = 1 )  [ RunTime:0.0000s ]
SQL: SHOW COLUMNS FROM `manage_performance` [ RunTime:0.0260s ]
SQL: SELECT a.result,a.add_time,b.username,c.name FROM manage_performance a,manage_users b,manage_item c WHERE ( a.user_id = b.id and a.item_id = c.id ) ORDER BY add_time desc  [ RunTime:0.0000s ]
INFO: [ view_parse ] --START--
INFO: [ template_filter ] --START--
INFO: Run Behavior\ContentReplaceBehavior [ RunTime:0.000000s ]
INFO: [ template_filter ] --END-- [ RunTime:0.000000s ]
NOTIC: [8] Undefined index: userinfo E:\www\manage\App\Runtime\Cache\Admin\7bb3399437727bca0b9230e5a713d782.php 第 42 行.
NOTIC: [8] Undefined index: userinfo E:\www\manage\App\Runtime\Cache\Admin\7bb3399437727bca0b9230e5a713d782.php 第 69 行.
NOTIC: [8] Undefined index: userinfo E:\www\manage\App\Runtime\Cache\Admin\7bb3399437727bca0b9230e5a713d782.php 第 118 行.
NOTIC: [8] Undefined index: userinfo E:\www\manage\App\Runtime\Cache\Admin\7bb3399437727bca0b9230e5a713d782.php 第 121 行.
NOTIC: [8] Undefined index: userinfo E:\www\manage\App\Runtime\Cache\Admin\7bb3399437727bca0b9230e5a713d782.php 第 122 行.
INFO: Run Behavior\ParseTemplateBehavior [ RunTime:0.010001s ]
INFO: [ view_parse ] --END-- [ RunTime:0.010001s ]
INFO: [ view_filter ] --START--
INFO: Run Behavior\WriteHtmlCacheBehavior [ RunTime:0.000000s ]
INFO: [ view_filter ] --END-- [ RunTime:0.000000s ]
INFO: [ app_end ] --START--
INFO: Run Behavior\ShowPageTraceBehavior [ RunTime:0.001000s ]
INFO: [ app_end ] --END-- [ RunTime:0.001000s ]

[ 2018-01-02T16:55:18+08:00 ] 192.168.0.103 /admin.php/Login/login
INFO: [ app_init ] --START--
INFO: Run Behavior\BuildLiteBehavior [ RunTime:0.000000s ]
INFO: [ app_init ] --END-- [ RunTime:0.001000s ]
INFO: [ app_begin ] --START--
INFO: Run Behavior\ReadHtmlCacheBehavior [ RunTime:0.000000s ]
INFO: [ app_begin ] --END-- [ RunTime:0.000000s ]
INFO: [ view_parse ] --START--
INFO: [ template_filter ] --START--
INFO: Run Behavior\ContentReplaceBehavior [ RunTime:0.000000s ]
INFO: [ template_filter ] --END-- [ RunTime:0.000000s ]
INFO: Run Behavior\ParseTemplateBehavior [ RunTime:0.005000s ]
INFO: [ view_parse ] --END-- [ RunTime:0.005000s ]
INFO: [ view_filter ] --START--
INFO: Run Behavior\WriteHtmlCacheBehavior [ RunTime:0.001000s ]
INFO: [ view_filter ] --END-- [ RunTime:0.001000s ]
INFO: [ app_end ] --START--
INFO: Run Behavior\ShowPageTraceBehavior [ RunTime:0.000000s ]
INFO: [ app_end ] --END-- [ RunTime:0.000000s ]

[ 2018-01-02T16:55:18+08:00 ] 192.168.0.103 /admin.php/Users/users_recycle.html
INFO: [ app_init ] --START--
INFO: Run Behavior\BuildLiteBehavior [ RunTime:0.000000s ]
INFO: [ app_init ] --END-- [ RunTime:0.000000s ]
INFO: [ app_begin ] --START--
INFO: Run Behavior\ReadHtmlCacheBehavior [ RunTime:0.000000s ]
INFO: [ app_begin ] --END-- [ RunTime:0.000000s ]
SQL: SHOW COLUMNS FROM `manage_affirm` [ RunTime:0.0030s ]
SQL: SELECT * FROM `manage_affirm` WHERE ( result = 0 )  [ RunTime:0.0010s ]
SQL: SHOW COLUMNS FROM `manage_item` [ RunTime:0.0030s ]
SQL: SELECT * FROM `manage_item` WHERE ( is_block = 1 )  [ RunTime:0.0010s ]
SQL: SHOW COLUMNS FROM `manage_users` [ RunTime:0.0030s ]
SQL: SELECT a.id,a.username,a.phone,a.sex,a.birthday,a.entry_time,b.name FROM manage_users a,manage_position b WHERE ( a.position_id = b.id and is_del = 1 )  [ RunTime:0.0220s ]
INFO: [ view_parse ] --START--
INFO: [ template_filter ] --START--
INFO: Run Behavior\ContentReplaceBehavior [ RunTime:0.000000s ]
INFO: [ template_filter ] --END-- [ RunTime:0.000000s ]
NOTIC: [8] Undefined index: userinfo E:\www\manage\App\Runtime\Cache\Admin\d7166f5c23fe841d34c9842edc883252.php 第 42 行.
NOTIC: [8] Undefined index: userinfo E:\www\manage\App\Runtime\Cache\Admin\d7166f5c23fe841d34c9842edc883252.php 第 69 行.
NOTIC: [8] Undefined index: userinfo E:\www\manage\App\Runtime\Cache\Admin\d7166f5c23fe841d34c9842edc883252.php 第 118 行.
NOTIC: [8] Undefined index: userinfo E:\www\manage\App\Runtime\Cache\Admin\d7166f5c23fe841d34c9842edc883252.php 第 121 行.
NOTIC: [8] Undefined index: userinfo E:\www\manage\App\Runtime\Cache\Admin\d7166f5c23fe841d34c9842edc883252.php 第 122 行.
INFO: Run Behavior\ParseTemplateBehavior [ RunTime:0.012001s ]
INFO: [ view_parse ] --END-- [ RunTime:0.012001s ]
INFO: [ view_filter ] --START--
INFO: Run Behavior\WriteHtmlCacheBehavior [ RunTime:0.000000s ]
INFO: [ view_filter ] --END-- [ RunTime:0.000000s ]
INFO: [ app_end ] --START--
INFO: Run Behavior\ShowPageTraceBehavior [ RunTime:0.001000s ]
INFO: [ app_end ] --END-- [ RunTime:0.001000s ]

[ 2018-01-02T16:55:18+08:00 ] 192.168.0.103 /admin.php/Users/users_index.html
INFO: [ app_init ] --START--
INFO: Run Behavior\BuildLiteBehavior [ RunTime:0.000000s ]
INFO: [ app_init ] --END-- [ RunTime:0.000000s ]
INFO: [ app_begin ] --START--
INFO: Run Behavior\ReadHtmlCacheBehavior [ RunTime:0.001000s ]
INFO: [ app_begin ] --END-- [ RunTime:0.001000s ]
SQL: SHOW COLUMNS FROM `manage_affirm` [ RunTime:0.0030s ]
SQL: SELECT * FROM `manage_affirm` WHERE ( result = 0 )  [ RunTime:0.0010s ]
SQL: SHOW COLUMNS FROM `manage_item` [ RunTime:0.0030s ]
SQL: SELECT * FROM `manage_item` WHERE ( is_block = 1 )  [ RunTime:0.0000s ]
SQL: SHOW COLUMNS FROM `manage_users` [ RunTime:0.0030s ]
SQL: SELECT a.id,a.username,a.phone,a.sex,a.birthday,a.entry_time,b.name FROM manage_users a,manage_position b WHERE ( a.position_id = b.id and is_del = 0 )  [ RunTime:0.0010s ]
INFO: [ view_parse ] --START--
INFO: [ template_filter ] --START--
INFO: Run Behavior\ContentReplaceBehavior [ RunTime:0.000000s ]
INFO: [ template_filter ] --END-- [ RunTime:0.001000s ]
NOTIC: [8] Undefined index: userinfo E:\www\manage\App\Runtime\Cache\Admin\f0873f418de1e3ebf647ce8843bdc66a.php 第 42 行.
NOTIC: [8] Undefined index: userinfo E:\www\manage\App\Runtime\Cache\Admin\f0873f418de1e3ebf647ce8843bdc66a.php 第 69 行.
NOTIC: [8] Undefined index: userinfo E:\www\manage\App\Runtime\Cache\Admin\f0873f418de1e3ebf647ce8843bdc66a.php 第 118 行.
NOTIC: [8] Undefined index: userinfo E:\www\manage\App\Runtime\Cache\Admin\f0873f418de1e3ebf647ce8843bdc66a.php 第 121 行.
NOTIC: [8] Undefined index: userinfo E:\www\manage\App\Runtime\Cache\Admin\f0873f418de1e3ebf647ce8843bdc66a.php 第 122 行.
INFO: Run Behavior\ParseTemplateBehavior [ RunTime:0.011000s ]
INFO: [ view_parse ] --END-- [ RunTime:0.011000s ]
INFO: [ view_filter ] --START--
INFO: Run Behavior\WriteHtmlCacheBehavior [ RunTime:0.000000s ]
INFO: [ view_filter ] --END-- [ RunTime:0.000000s ]
INFO: [ app_end ] --START--
INFO: Run Behavior\ShowPageTraceBehavior [ RunTime:0.000000s ]
INFO: [ app_end ] --END-- [ RunTime:0.000000s ]

[ 2018-01-02T16:55:19+08:00 ] 192.168.0.103 /admin.php/Index/index.html
INFO: [ app_init ] --START--
INFO: Run Behavior\BuildLiteBehavior [ RunTime:0.000000s ]
INFO: [ app_init ] --END-- [ RunTime:0.000000s ]
INFO: [ app_begin ] --START--
INFO: Run Behavior\ReadHtmlCacheBehavior [ RunTime:0.000000s ]
INFO: [ app_begin ] --END-- [ RunTime:0.001000s ]
SQL: SHOW COLUMNS FROM `manage_affirm` [ RunTime:0.0030s ]
SQL: SELECT * FROM `manage_affirm` WHERE ( result = 0 )  [ RunTime:0.0000s ]
SQL: SHOW COLUMNS FROM `manage_item` [ RunTime:0.0030s ]
SQL: SELECT * FROM `manage_item` WHERE ( is_block = 1 )  [ RunTime:0.0000s ]
INFO: [ view_parse ] --START--
INFO: [ template_filter ] --START--
INFO: Run Behavior\ContentReplaceBehavior [ RunTime:0.000000s ]
INFO: [ template_filter ] --END-- [ RunTime:0.000000s ]
NOTIC: [8] Undefined index: userinfo E:\www\manage\App\Runtime\Cache\Admin\ec3bc31a8e9f557f8022dfd01d3158ce.php 第 35 行.
NOTIC: [8] Undefined index: userinfo E:\www\manage\App\Runtime\Cache\Admin\ec3bc31a8e9f557f8022dfd01d3158ce.php 第 62 行.
NOTIC: [8] Undefined index: userinfo E:\www\manage\App\Runtime\Cache\Admin\ec3bc31a8e9f557f8022dfd01d3158ce.php 第 111 行.
NOTIC: [8] Undefined index: userinfo E:\www\manage\App\Runtime\Cache\Admin\ec3bc31a8e9f557f8022dfd01d3158ce.php 第 114 行.
NOTIC: [8] Undefined index: userinfo E:\www\manage\App\Runtime\Cache\Admin\ec3bc31a8e9f557f8022dfd01d3158ce.php 第 115 行.
NOTIC: [8] Undefined index: userinfo E:\www\manage\App\Runtime\Cache\Admin\ec3bc31a8e9f557f8022dfd01d3158ce.php 第 230 行.
NOTIC: [8] Undefined index: userinfo E:\www\manage\App\Runtime\Cache\Admin\ec3bc31a8e9f557f8022dfd01d3158ce.php 第 235 行.
NOTIC: [8] Undefined index: userinfo E:\www\manage\App\Runtime\Cache\Admin\ec3bc31a8e9f557f8022dfd01d3158ce.php 第 237 行.
NOTIC: [8] Undefined variable: UI E:\www\manage\App\Runtime\Cache\Admin\ec3bc31a8e9f557f8022dfd01d3158ce.php 第 278 行.
INFO: Run Behavior\ParseTemplateBehavior [ RunTime:0.012000s ]
INFO: [ view_parse ] --END-- [ RunTime:0.012000s ]
INFO: [ view_filter ] --START--
INFO: Run Behavior\WriteHtmlCacheBehavior [ RunTime:0.000000s ]
INFO: [ view_filter ] --END-- [ RunTime:0.000000s ]
INFO: [ app_end ] --START--
INFO: Run Behavior\ShowPageTraceBehavior [ RunTime:0.001000s ]
INFO: [ app_end ] --END-- [ RunTime:0.001000s ]

[ 2018-01-02T16:55:19+08:00 ] 192.168.0.103 /admin.php/Item/item_index.html
INFO: [ app_init ] --START--
INFO: Run Behavior\BuildLiteBehavior [ RunTime:0.000000s ]
INFO: [ app_init ] --END-- [ RunTime:0.001000s ]
INFO: [ app_begin ] --START--
INFO: Run Behavior\ReadHtmlCacheBehavior [ RunTime:0.001000s ]
INFO: [ app_begin ] --END-- [ RunTime:0.001000s ]
SQL: SHOW COLUMNS FROM `manage_affirm` [ RunTime:0.0030s ]
SQL: SELECT * FROM `manage_affirm` WHERE ( result = 0 )  [ RunTime:0.0000s ]
SQL: SHOW COLUMNS FROM `manage_item` [ RunTime:0.0040s ]
SQL: SELECT * FROM `manage_item` WHERE ( is_block = 1 )  [ RunTime:0.0000s ]
SQL: SELECT `id`,`name`,`durations`,`describe`,`contract`,`flow`,`is_allot`,`is_finish`,`is_block`,`is_push` FROM `manage_item`  [ RunTime:0.0010s ]
INFO: [ view_parse ] --START--
INFO: [ template_filter ] --START--
INFO: Run Behavior\ContentReplaceBehavior [ RunTime:0.001000s ]
INFO: [ template_filter ] --END-- [ RunTime:0.001000s ]
NOTIC: [8] Undefined index: userinfo E:\www\manage\App\Runtime\Cache\Admin\974f8dc2f26bbb8935b0072fcb2325cf.php 第 42 行.
NOTIC: [8] Undefined index: userinfo E:\www\manage\App\Runtime\Cache\Admin\974f8dc2f26bbb8935b0072fcb2325cf.php 第 69 行.
NOTIC: [8] Undefined index: userinfo E:\www\manage\App\Runtime\Cache\Admin\974f8dc2f26bbb8935b0072fcb2325cf.php 第 118 行.
NOTIC: [8] Undefined index: userinfo E:\www\manage\App\Runtime\Cache\Admin\974f8dc2f26bbb8935b0072fcb2325cf.php 第 121 行.
NOTIC: [8] Undefined index: userinfo E:\www\manage\App\Runtime\Cache\Admin\974f8dc2f26bbb8935b0072fcb2325cf.php 第 122 行.
INFO: Run Behavior\ParseTemplateBehavior [ RunTime:0.012001s ]
INFO: [ view_parse ] --END-- [ RunTime:0.012001s ]
INFO: [ view_filter ] --START--
INFO: Run Behavior\WriteHtmlCacheBehavior [ RunTime:0.000000s ]
INFO: [ view_filter ] --END-- [ RunTime:0.000000s ]
INFO: [ app_end ] --START--
INFO: Run Behavior\ShowPageTraceBehavior [ RunTime:0.001000s ]
INFO: [ app_end ] --END-- [ RunTime:0.001000s ]

[ 2018-01-02T16:55:21+08:00 ] 192.168.0.103 /admin.php/Index/index
INFO: [ app_init ] --START--
INFO: Run Behavior\BuildLiteBehavior [ RunTime:0.000000s ]
INFO: [ app_init ] --END-- [ RunTime:0.001001s ]
INFO: [ app_begin ] --START--
INFO: Run Behavior\ReadHtmlCacheBehavior [ RunTime:0.001000s ]
INFO: [ app_begin ] --END-- [ RunTime:0.001000s ]
SQL: SHOW COLUMNS FROM `manage_affirm` [ RunTime:0.0050s ]
SQL: SELECT * FROM `manage_affirm` WHERE ( result = 0 )  [ RunTime:0.0000s ]
SQL: SHOW COLUMNS FROM `manage_item` [ RunTime:0.0030s ]
SQL: SELECT * FROM `manage_item` WHERE ( is_block = 1 )  [ RunTime:0.0000s ]
INFO: [ view_parse ] --START--
INFO: [ template_filter ] --START--
INFO: Run Behavior\ContentReplaceBehavior [ RunTime:0.000000s ]
INFO: [ template_filter ] --END-- [ RunTime:0.000000s ]
NOTIC: [8] Undefined index: userinfo E:\www\manage\App\Runtime\Cache\Admin\ec3bc31a8e9f557f8022dfd01d3158ce.php 第 35 行.
NOTIC: [8] Undefined index: userinfo E:\www\manage\App\Runtime\Cache\Admin\ec3bc31a8e9f557f8022dfd01d3158ce.php 第 62 行.
NOTIC: [8] Undefined index: userinfo E:\www\manage\App\Runtime\Cache\Admin\ec3bc31a8e9f557f8022dfd01d3158ce.php 第 111 行.
NOTIC: [8] Undefined index: userinfo E:\www\manage\App\Runtime\Cache\Admin\ec3bc31a8e9f557f8022dfd01d3158ce.php 第 114 行.
NOTIC: [8] Undefined index: userinfo E:\www\manage\App\Runtime\Cache\Admin\ec3bc31a8e9f557f8022dfd01d3158ce.php 第 115 行.
NOTIC: [8] Undefined index: userinfo E:\www\manage\App\Runtime\Cache\Admin\ec3bc31a8e9f557f8022dfd01d3158ce.php 第 230 行.
NOTIC: [8] Undefined index: userinfo E:\www\manage\App\Runtime\Cache\Admin\ec3bc31a8e9f557f8022dfd01d3158ce.php 第 235 行.
NOTIC: [8] Undefined index: userinfo E:\www\manage\App\Runtime\Cache\Admin\ec3bc31a8e9f557f8022dfd01d3158ce.php 第 237 行.
NOTIC: [8] Undefined variable: UI E:\www\manage\App\Runtime\Cache\Admin\ec3bc31a8e9f557f8022dfd01d3158ce.php 第 278 行.
INFO: Run Behavior\ParseTemplateBehavior [ RunTime:0.013001s ]
INFO: [ view_parse ] --END-- [ RunTime:0.013001s ]
INFO: [ view_filter ] --START--
INFO: Run Behavior\WriteHtmlCacheBehavior [ RunTime:0.000000s ]
INFO: [ view_filter ] --END-- [ RunTime:0.000000s ]
INFO: [ app_end ] --START--
INFO: Run Behavior\ShowPageTraceBehavior [ RunTime:0.000000s ]
INFO: [ app_end ] --END-- [ RunTime:0.000000s ]

[ 2018-01-02T16:55:21+08:00 ] 192.168.0.103 /admin.php/Login/login
INFO: [ app_init ] --START--
INFO: Run Behavior\BuildLiteBehavior [ RunTime:0.000000s ]
INFO: [ app_init ] --END-- [ RunTime:0.000000s ]
INFO: [ app_begin ] --START--
INFO: Run Behavior\ReadHtmlCacheBehavior [ RunTime:0.001000s ]
INFO: [ app_begin ] --END-- [ RunTime:0.001000s ]
INFO: [ view_parse ] --START--
INFO: [ template_filter ] --START--
INFO: Run Behavior\ContentReplaceBehavior [ RunTime:0.000000s ]
INFO: [ template_filter ] --END-- [ RunTime:0.000000s ]
INFO: Run Behavior\ParseTemplateBehavior [ RunTime:0.006001s ]
INFO: [ view_parse ] --END-- [ RunTime:0.006001s ]
INFO: [ view_filter ] --START--
INFO: Run Behavior\WriteHtmlCacheBehavior [ RunTime:0.001000s ]
INFO: [ view_filter ] --END-- [ RunTime:0.001000s ]
INFO: [ app_end ] --START--
INFO: Run Behavior\ShowPageTraceBehavior [ RunTime:0.000000s ]
INFO: [ app_end ] --END-- [ RunTime:0.000000s ]

[ 2018-01-02T16:55:22+08:00 ] 192.168.0.103 /admin.php/
INFO: [ app_init ] --START--
INFO: Run Behavior\BuildLiteBehavior [ RunTime:0.000000s ]
INFO: [ app_init ] --END-- [ RunTime:0.001000s ]
INFO: [ app_begin ] --START--
INFO: Run Behavior\ReadHtmlCacheBehavior [ RunTime:0.000000s ]
INFO: [ app_begin ] --END-- [ RunTime:0.000000s ]
INFO: [ view_parse ] --START--
INFO: [ template_filter ] --START--
INFO: Run Behavior\ContentReplaceBehavior [ RunTime:0.000000s ]
INFO: [ template_filter ] --END-- [ RunTime:0.000000s ]
INFO: Run Behavior\ParseTemplateBehavior [ RunTime:0.005000s ]
INFO: [ view_parse ] --END-- [ RunTime:0.005000s ]
INFO: [ view_filter ] --START--
INFO: Run Behavior\WriteHtmlCacheBehavior [ RunTime:0.001000s ]
INFO: [ view_filter ] --END-- [ RunTime:0.001000s ]
INFO: [ app_end ] --START--
INFO: Run Behavior\ShowPageTraceBehavior [ RunTime:0.000000s ]
INFO: [ app_end ] --END-- [ RunTime:0.000000s ]

[ 2018-01-02T16:55:22+08:00 ] 192.168.0.103 /admin.php/Love/item_zj
INFO: [ app_init ] --START--
INFO: Run Behavior\BuildLiteBehavior [ RunTime:0.000000s ]
INFO: [ app_init ] --END-- [ RunTime:0.001000s ]
INFO: [ app_begin ] --START--
INFO: Run Behavior\ReadHtmlCacheBehavior [ RunTime:0.001000s ]
INFO: [ app_begin ] --END-- [ RunTime:0.001000s ]
INFO: [ view_parse ] --START--
INFO: [ template_filter ] --START--
INFO: Run Behavior\ContentReplaceBehavior [ RunTime:0.000000s ]
INFO: [ template_filter ] --END-- [ RunTime:0.000000s ]
INFO: Run Behavior\ParseTemplateBehavior [ RunTime:0.006000s ]
INFO: [ view_parse ] --END-- [ RunTime:0.006000s ]
INFO: [ view_filter ] --START--
INFO: Run Behavior\WriteHtmlCacheBehavior [ RunTime:0.000000s ]
INFO: [ view_filter ] --END-- [ RunTime:0.000000s ]
INFO: [ app_end ] --START--
INFO: Run Behavior\ShowPageTraceBehavior [ RunTime:0.001001s ]
INFO: [ app_end ] --END-- [ RunTime:0.001001s ]

